mode: set
conductor-kit/cmd/conductor/auth_status.go:26.51,27.13 1 0
conductor-kit/cmd/conductor/auth_status.go:28.15,29.32 1 0
conductor-kit/cmd/conductor/auth_status.go:30.16,31.33 1 0
conductor-kit/cmd/conductor/auth_status.go:32.16,33.33 1 0
conductor-kit/cmd/conductor/auth_status.go:34.10,35.52 1 0
conductor-kit/cmd/conductor/auth_status.go:39.46,41.8 2 0
conductor-kit/cmd/conductor/auth_status.go:41.8,43.3 1 0
conductor-kit/cmd/conductor/auth_status.go:44.2,45.41 2 0
conductor-kit/cmd/conductor/auth_status.go:48.47,50.8 2 0
conductor-kit/cmd/conductor/auth_status.go:50.8,52.3 1 0
conductor-kit/cmd/conductor/auth_status.go:53.2,54.41 2 0
conductor-kit/cmd/conductor/auth_status.go:57.47,59.8 2 0
conductor-kit/cmd/conductor/auth_status.go:59.8,61.3 1 0
conductor-kit/cmd/conductor/auth_status.go:62.2,63.41 2 0
conductor-kit/cmd/conductor/auth_status.go:66.45,67.18 1 0
conductor-kit/cmd/conductor/auth_status.go:67.18,69.3 1 0
conductor-kit/cmd/conductor/auth_status.go:70.2,70.44 1 0
conductor-kit/cmd/conductor/auth_status.go:73.43,74.13 1 0
conductor-kit/cmd/conductor/auth_status.go:75.15,76.41 1 0
conductor-kit/cmd/conductor/auth_status.go:77.16,78.72 1 0
conductor-kit/cmd/conductor/auth_status.go:79.16,81.13 1 0
conductor-kit/cmd/conductor/auth_status.go:82.10,83.13 1 0
conductor-kit/cmd/conductor/auth_status.go:87.77,88.30 1 0
conductor-kit/cmd/conductor/auth_status.go:88.30,90.3 1 0
conductor-kit/cmd/conductor/auth_status.go:91.2,91.34 1 0
conductor-kit/cmd/conductor/auth_status.go:91.34,98.44 7 0
conductor-kit/cmd/conductor/auth_status.go:98.44,100.4 1 0
conductor-kit/cmd/conductor/auth_status.go:101.3,102.17 2 0
conductor-kit/cmd/conductor/auth_status.go:102.17,104.4 1 0
conductor-kit/cmd/conductor/auth_status.go:105.3,105.37 1 0
conductor-kit/cmd/conductor/auth_status.go:105.37,106.12 1 0
conductor-kit/cmd/conductor/auth_status.go:108.3,108.17 1 0
conductor-kit/cmd/conductor/auth_status.go:108.17,110.4 1 0
conductor-kit/cmd/conductor/auth_status.go:111.3,111.33 1 0
conductor-kit/cmd/conductor/auth_status.go:113.2,113.51 1 0
conductor-kit/cmd/conductor/auth_status.go:116.51,124.2 2 0
conductor-kit/cmd/conductor/auth_status.go:126.40,127.43 1 0
conductor-kit/cmd/conductor/auth_status.go:127.43,129.3 1 0
conductor-kit/cmd/conductor/auth_status.go:130.2,130.59 1 0
conductor-kit/cmd/conductor/auth_status.go:133.41,135.76 2 0
conductor-kit/cmd/conductor/auth_status.go:135.76,137.3 1 0
conductor-kit/cmd/conductor/auth_status.go:137.8,137.50 1 0
conductor-kit/cmd/conductor/auth_status.go:137.50,139.3 1 0
conductor-kit/cmd/conductor/auth_status.go:140.2,140.93 1 0
conductor-kit/cmd/conductor/auth_status.go:140.93,142.3 1 0
conductor-kit/cmd/conductor/auth_status.go:142.8,142.22 1 0
conductor-kit/cmd/conductor/auth_status.go:142.22,144.3 1 0
conductor-kit/cmd/conductor/auth_status.go:145.2,145.42 1 0
conductor-kit/cmd/conductor/auth_status.go:145.42,147.3 1 0
conductor-kit/cmd/conductor/auth_status.go:147.8,147.22 1 0
conductor-kit/cmd/conductor/auth_status.go:147.22,149.3 1 0
conductor-kit/cmd/conductor/auth_status.go:150.2,150.51 1 0
conductor-kit/cmd/conductor/auth_status.go:150.51,152.3 1 0
conductor-kit/cmd/conductor/auth_status.go:153.2,153.49 1 0
conductor-kit/cmd/conductor/auth_status.go:153.49,155.3 1 0
conductor-kit/cmd/conductor/auth_status.go:156.2,156.41 1 0
conductor-kit/cmd/conductor/auth_status.go:156.41,158.3 1 0
conductor-kit/cmd/conductor/auth_status.go:159.2,159.40 1 0
conductor-kit/cmd/conductor/auth_status.go:159.40,161.3 1 0
conductor-kit/cmd/conductor/auth_status.go:162.2,162.95 1 0
conductor-kit/cmd/conductor/auth_status.go:165.41,168.58 3 0
conductor-kit/cmd/conductor/auth_status.go:168.58,170.3 1 0
conductor-kit/cmd/conductor/auth_status.go:170.8,170.40 1 0
conductor-kit/cmd/conductor/auth_status.go:170.40,172.3 1 0
conductor-kit/cmd/conductor/auth_status.go:172.8,172.45 1 0
conductor-kit/cmd/conductor/auth_status.go:172.45,174.3 1 0
conductor-kit/cmd/conductor/auth_status.go:174.8,174.50 1 0
conductor-kit/cmd/conductor/auth_status.go:174.50,176.3 1 0
conductor-kit/cmd/conductor/auth_status.go:177.2,177.57 1 0
conductor-kit/cmd/conductor/auth_status.go:180.63,181.30 1 0
conductor-kit/cmd/conductor/auth_status.go:181.30,183.3 1 0
conductor-kit/cmd/conductor/auth_status.go:184.2,184.36 1 0
conductor-kit/cmd/conductor/auth_status.go:184.36,186.3 1 0
conductor-kit/cmd/conductor/auth_status.go:187.2,187.37 1 0
conductor-kit/cmd/conductor/auth_status.go:187.37,189.3 1 0
conductor-kit/cmd/conductor/auth_status.go:190.2,193.34 4 0
conductor-kit/cmd/conductor/auth_status.go:193.34,195.3 1 0
conductor-kit/cmd/conductor/auth_status.go:195.8,195.53 1 0
conductor-kit/cmd/conductor/auth_status.go:195.53,196.29 1 0
conductor-kit/cmd/conductor/auth_status.go:197.11,198.35 1 0
conductor-kit/cmd/conductor/auth_status.go:199.14,200.29 1 0
conductor-kit/cmd/conductor/auth_status.go:201.11,202.34 1 0
conductor-kit/cmd/conductor/auth_status.go:205.2,205.32 1 0
conductor-kit/cmd/conductor/auth_status.go:208.68,210.16 2 0
conductor-kit/cmd/conductor/auth_status.go:210.16,211.25 1 0
conductor-kit/cmd/conductor/auth_status.go:211.25,213.4 1 0
conductor-kit/cmd/conductor/auth_status.go:214.3,214.41 1 0
conductor-kit/cmd/conductor/auth_status.go:216.2,216.47 1 0
conductor-kit/cmd/conductor/auth_status.go:216.47,218.3 1 0
conductor-kit/cmd/conductor/auth_status.go:219.2,220.51 2 0
conductor-kit/cmd/conductor/auth_status.go:220.51,222.3 1 0
conductor-kit/cmd/conductor/auth_status.go:223.2,223.27 1 0
conductor-kit/cmd/conductor/auth_status.go:223.27,224.30 1 0
conductor-kit/cmd/conductor/auth_status.go:224.30,225.27 1 0
conductor-kit/cmd/conductor/auth_status.go:226.16,227.35 1 0
conductor-kit/cmd/conductor/auth_status.go:227.35,229.6 1 0
conductor-kit/cmd/conductor/auth_status.go:230.12,231.20 1 0
conductor-kit/cmd/conductor/auth_status.go:235.2,235.18 1 0
conductor-kit/cmd/conductor/auth_status.go:238.43,240.16 2 0
conductor-kit/cmd/conductor/auth_status.go:240.16,241.25 1 0
conductor-kit/cmd/conductor/auth_status.go:241.25,243.4 1 0
conductor-kit/cmd/conductor/auth_status.go:244.3,244.55 1 0
conductor-kit/cmd/conductor/auth_status.go:246.2,246.47 1 0
conductor-kit/cmd/conductor/auth_status.go:246.47,248.3 1 0
conductor-kit/cmd/conductor/auth_status.go:249.2,253.56 2 0
conductor-kit/cmd/conductor/auth_status.go:253.56,255.3 1 0
conductor-kit/cmd/conductor/auth_status.go:256.2,256.71 1 0
conductor-kit/cmd/conductor/auth_status.go:256.71,258.3 1 0
conductor-kit/cmd/conductor/auth_status.go:259.2,259.18 1 0
conductor-kit/cmd/conductor/auth_status.go:262.37,265.66 3 0
conductor-kit/cmd/conductor/auth_status.go:265.66,268.3 2 0
conductor-kit/cmd/conductor/auth_status.go:269.2,269.39 1 0
conductor-kit/cmd/conductor/auth_status.go:272.31,273.41 1 0
conductor-kit/cmd/conductor/auth_status.go:273.41,275.3 1 0
conductor-kit/cmd/conductor/auth_status.go:276.2,276.62 1 0
conductor-kit/cmd/conductor/auth_status.go:276.62,278.3 1 0
conductor-kit/cmd/conductor/auth_status.go:279.2,279.11 1 0
conductor-kit/cmd/conductor/background.go:67.99,73.36 2 0
conductor-kit/cmd/conductor/background.go:73.36,78.16 5 0
conductor-kit/cmd/conductor/background.go:78.16,81.4 2 0
conductor-kit/cmd/conductor/background.go:82.3,82.19 1 0
conductor-kit/cmd/conductor/background.go:84.2,84.58 1 0
conductor-kit/cmd/conductor/background.go:87.124,89.9 2 1
conductor-kit/cmd/conductor/background.go:89.9,91.3 1 0
conductor-kit/cmd/conductor/background.go:92.2,93.16 2 1
conductor-kit/cmd/conductor/background.go:93.16,95.3 1 0
conductor-kit/cmd/conductor/background.go:96.2,98.17 3 1
conductor-kit/cmd/conductor/background.go:98.17,100.3 1 1
conductor-kit/cmd/conductor/background.go:101.2,102.21 2 1
conductor-kit/cmd/conductor/background.go:102.21,104.3 1 1
conductor-kit/cmd/conductor/background.go:105.2,108.21 4 1
conductor-kit/cmd/conductor/background.go:108.21,110.3 1 0
conductor-kit/cmd/conductor/background.go:111.2,112.82 2 1
conductor-kit/cmd/conductor/background.go:112.82,114.3 1 0
conductor-kit/cmd/conductor/background.go:115.2,115.44 1 1
conductor-kit/cmd/conductor/background.go:115.44,117.3 1 0
conductor-kit/cmd/conductor/background.go:118.2,118.20 1 1
conductor-kit/cmd/conductor/background.go:118.20,120.3 1 0
conductor-kit/cmd/conductor/background.go:121.2,121.22 1 1
conductor-kit/cmd/conductor/background.go:121.22,122.23 1 1
conductor-kit/cmd/conductor/background.go:122.23,123.29 1 1
conductor-kit/cmd/conductor/background.go:123.29,125.5 1 1
conductor-kit/cmd/conductor/background.go:127.8,129.3 1 0
conductor-kit/cmd/conductor/background.go:130.2,147.15 3 1
conductor-kit/cmd/conductor/background.go:147.15,150.3 2 0
conductor-kit/cmd/conductor/background.go:151.2,151.18 1 1
conductor-kit/cmd/conductor/background.go:154.49,155.26 1 1
conductor-kit/cmd/conductor/background.go:155.26,156.18 1 1
conductor-kit/cmd/conductor/background.go:156.18,158.4 1 1
conductor-kit/cmd/conductor/background.go:160.2,160.11 1 0
conductor-kit/cmd/conductor/background.go:163.24,165.2 1 1
conductor-kit/cmd/conductor/background.go:167.46,170.2 2 1
conductor-kit/cmd/conductor/background.go:172.39,175.2 2 0
conductor-kit/cmd/conductor/background.go:177.41,179.2 1 0
conductor-kit/cmd/conductor/background.go:181.43,183.63 2 0
conductor-kit/cmd/conductor/background.go:183.63,185.3 1 0
conductor-kit/cmd/conductor/background.go:186.2,187.16 2 0
conductor-kit/cmd/conductor/background.go:187.16,189.3 1 0
conductor-kit/cmd/conductor/background.go:190.2,190.40 1 0
conductor-kit/cmd/conductor/background.go:193.61,197.16 4 0
conductor-kit/cmd/conductor/background.go:197.16,199.3 1 0
conductor-kit/cmd/conductor/background.go:200.2,200.52 1 0
conductor-kit/cmd/conductor/background.go:200.52,202.3 1 0
conductor-kit/cmd/conductor/background.go:203.2,203.38 1 0
conductor-kit/cmd/conductor/background.go:206.30,207.14 1 0
conductor-kit/cmd/conductor/background.go:207.14,209.3 1 0
conductor-kit/cmd/conductor/background.go:210.2,211.43 2 0
conductor-kit/cmd/conductor/background.go:214.46,216.16 2 0
conductor-kit/cmd/conductor/background.go:216.16,218.3 1 0
conductor-kit/cmd/conductor/background.go:219.2,222.16 3 0
conductor-kit/cmd/conductor/background.go:222.16,224.3 1 0
conductor-kit/cmd/conductor/background.go:225.2,227.15 3 0
conductor-kit/cmd/conductor/background.go:227.15,229.3 1 0
conductor-kit/cmd/conductor/background.go:230.2,232.21 3 0
conductor-kit/cmd/conductor/background.go:240.55,242.34 2 0
conductor-kit/cmd/conductor/background.go:242.34,243.10 1 0
conductor-kit/cmd/conductor/background.go:244.35,244.35 0 0
conductor-kit/cmd/conductor/background.go:245.11,245.11 0 0
conductor-kit/cmd/conductor/background.go:248.2,248.15 1 0
conductor-kit/cmd/conductor/background.go:251.115,252.36 1 0
conductor-kit/cmd/conductor/background.go:252.36,253.17 1 0
conductor-kit/cmd/conductor/background.go:253.18,253.19 0 0
conductor-kit/cmd/conductor/background.go:255.2,256.12 2 0
conductor-kit/cmd/conductor/background.go:256.12,259.7 3 0
conductor-kit/cmd/conductor/background.go:259.7,260.11 1 0
conductor-kit/cmd/conductor/background.go:261.22,262.22 1 0
conductor-kit/cmd/conductor/background.go:262.22,263.13 1 0
conductor-kit/cmd/conductor/background.go:264.21,264.21 0 0
conductor-kit/cmd/conductor/background.go:265.14,265.14 0 0
conductor-kit/cmd/conductor/background.go:268.5,268.22 1 0
conductor-kit/cmd/conductor/background.go:269.22,270.11 1 0
conductor-kit/cmd/conductor/background.go:271.18,272.11 1 0
conductor-kit/cmd/conductor/background.go:273.19,275.11 2 0
conductor-kit/cmd/conductor/background.go:279.2,279.16 1 0
conductor-kit/cmd/conductor/background.go:279.16,279.33 1 0
conductor-kit/cmd/conductor/background.go:282.102,283.16 1 0
conductor-kit/cmd/conductor/background.go:283.16,285.3 1 0
conductor-kit/cmd/conductor/background.go:286.2,287.9 2 0
conductor-kit/cmd/conductor/background.go:288.16,289.21 1 0
conductor-kit/cmd/conductor/background.go:290.54,291.21 1 0
conductor-kit/cmd/conductor/background.go:292.46,293.22 1 0
conductor-kit/cmd/conductor/background.go:295.2,296.46 2 0
conductor-kit/cmd/conductor/background.go:296.46,297.63 1 0
conductor-kit/cmd/conductor/background.go:297.63,299.4 1 0
conductor-kit/cmd/conductor/background.go:301.2,301.38 1 0
conductor-kit/cmd/conductor/background.go:304.42,306.50 2 1
conductor-kit/cmd/conductor/background.go:306.50,308.28 2 1
conductor-kit/cmd/conductor/background.go:308.28,310.4 1 1
conductor-kit/cmd/conductor/background.go:312.2,312.14 1 0
conductor-kit/cmd/conductor/background.go:315.38,316.20 1 0
conductor-kit/cmd/conductor/background.go:316.20,318.3 1 0
conductor-kit/cmd/conductor/background.go:319.2,320.16 2 0
conductor-kit/cmd/conductor/background.go:320.16,322.3 1 0
conductor-kit/cmd/conductor/background.go:323.2,323.12 1 0
conductor-kit/cmd/conductor/background.go:326.63,327.15 1 0
conductor-kit/cmd/conductor/background.go:327.15,329.3 1 0
conductor-kit/cmd/conductor/background.go:330.2,332.16 3 0
conductor-kit/cmd/conductor/background.go:332.16,334.3 1 0
conductor-kit/cmd/conductor/background.go:335.2,336.39 2 0
conductor-kit/cmd/conductor/background.go:336.39,338.3 1 0
conductor-kit/cmd/conductor/background.go:339.2,340.29 2 0
conductor-kit/cmd/conductor/background.go:340.29,341.20 1 0
conductor-kit/cmd/conductor/background.go:341.20,342.12 1 0
conductor-kit/cmd/conductor/background.go:344.3,346.17 3 0
conductor-kit/cmd/conductor/background.go:346.17,347.12 1 0
conductor-kit/cmd/conductor/background.go:349.3,349.57 1 0
conductor-kit/cmd/conductor/background.go:349.57,351.4 1 0
conductor-kit/cmd/conductor/background.go:352.3,352.26 1 0
conductor-kit/cmd/conductor/background.go:354.2,354.22 1 0
conductor-kit/cmd/conductor/background.go:357.62,358.35 1 0
conductor-kit/cmd/conductor/background.go:358.35,360.3 1 0
conductor-kit/cmd/conductor/background.go:361.2,362.34 2 0
conductor-kit/cmd/conductor/background.go:362.34,363.54 1 0
conductor-kit/cmd/conductor/background.go:363.54,364.20 1 0
conductor-kit/cmd/conductor/background.go:364.20,366.5 1 0
conductor-kit/cmd/conductor/background.go:366.10,368.5 1 0
conductor-kit/cmd/conductor/background.go:371.2,372.16 2 0
conductor-kit/cmd/conductor/background.go:375.47,387.29 5 0
conductor-kit/cmd/conductor/background.go:387.29,389.17 2 0
conductor-kit/cmd/conductor/background.go:389.17,390.12 1 0
conductor-kit/cmd/conductor/background.go:392.3,393.35 2 0
conductor-kit/cmd/conductor/background.go:393.35,394.40 1 0
conductor-kit/cmd/conductor/background.go:394.40,397.34 3 0
conductor-kit/cmd/conductor/background.go:397.34,400.6 2 0
conductor-kit/cmd/conductor/background.go:401.5,401.10 1 0
conductor-kit/cmd/conductor/background.go:405.2,406.14 2 0
conductor-kit/cmd/conductor/background.go:409.63,410.35 1 0
conductor-kit/cmd/conductor/background.go:410.35,412.3 1 0
conductor-kit/cmd/conductor/background.go:414.2,415.18 2 0
conductor-kit/cmd/conductor/background.go:415.18,417.3 1 0
conductor-kit/cmd/conductor/background.go:418.2,420.41 2 0
conductor-kit/cmd/conductor/background.go:420.41,457.3 5 0
conductor-kit/cmd/conductor/background.go:459.2,460.33 2 0
conductor-kit/cmd/conductor/background.go:460.33,462.17 2 0
conductor-kit/cmd/conductor/background.go:462.17,464.4 1 0
conductor-kit/cmd/conductor/background.go:465.3,466.28 2 0
conductor-kit/cmd/conductor/background.go:466.28,468.4 1 0
conductor-kit/cmd/conductor/background.go:469.3,469.34 1 0
conductor-kit/cmd/conductor/background.go:469.34,471.4 1 0
conductor-kit/cmd/conductor/background.go:473.2,473.18 1 0
conductor-kit/cmd/conductor/background.go:478.37,479.25 1 0
conductor-kit/cmd/conductor/background.go:479.25,481.3 1 0
conductor-kit/cmd/conductor/background.go:482.2,482.40 1 0
conductor-kit/cmd/conductor/background.go:482.40,484.3 1 0
conductor-kit/cmd/conductor/background.go:485.2,486.20 2 0
conductor-kit/cmd/conductor/background.go:486.20,488.3 1 0
conductor-kit/cmd/conductor/background.go:489.2,492.20 4 0
conductor-kit/cmd/conductor/background.go:492.20,494.3 1 0
conductor-kit/cmd/conductor/background.go:495.2,495.23 1 0
conductor-kit/cmd/conductor/background.go:495.23,497.30 2 0
conductor-kit/cmd/conductor/background.go:497.30,499.4 1 0
conductor-kit/cmd/conductor/background.go:500.3,500.16 1 0
conductor-kit/cmd/conductor/background.go:502.2,508.43 7 0
conductor-kit/cmd/conductor/background.go:508.43,510.3 1 0
conductor-kit/cmd/conductor/background.go:511.2,511.16 1 0
conductor-kit/cmd/conductor/background.go:511.16,513.16 2 0
conductor-kit/cmd/conductor/background.go:513.16,515.4 1 0
conductor-kit/cmd/conductor/background.go:516.3,516.16 1 0
conductor-kit/cmd/conductor/background.go:516.16,518.4 1 0
conductor-kit/cmd/conductor/background.go:519.3,519.42 1 0
conductor-kit/cmd/conductor/background.go:521.2,521.12 1 0
conductor-kit/cmd/conductor/background.go:524.90,531.57 6 0
conductor-kit/cmd/conductor/background.go:531.57,533.3 1 0
conductor-kit/cmd/conductor/background.go:535.2,537.66 3 0
conductor-kit/cmd/conductor/background.go:537.66,540.3 2 0
conductor-kit/cmd/conductor/background.go:541.2,547.16 6 0
conductor-kit/cmd/conductor/background.go:547.16,549.3 1 0
conductor-kit/cmd/conductor/background.go:550.2,551.16 2 0
conductor-kit/cmd/conductor/background.go:551.16,553.3 1 0
conductor-kit/cmd/conductor/background.go:554.2,558.20 5 0
conductor-kit/cmd/conductor/background.go:558.20,560.3 1 0
conductor-kit/cmd/conductor/background.go:561.2,561.23 1 0
conductor-kit/cmd/conductor/background.go:561.23,563.30 2 0
conductor-kit/cmd/conductor/background.go:563.30,565.4 1 0
conductor-kit/cmd/conductor/background.go:566.3,566.16 1 0
conductor-kit/cmd/conductor/background.go:569.2,569.36 1 0
conductor-kit/cmd/conductor/background.go:569.36,571.3 1 0
conductor-kit/cmd/conductor/background.go:572.2,574.12 3 0
conductor-kit/cmd/conductor/background.go:574.12,577.3 2 0
conductor-kit/cmd/conductor/background.go:578.2,578.12 1 0
conductor-kit/cmd/conductor/background.go:578.12,581.3 2 0
conductor-kit/cmd/conductor/background.go:582.2,588.57 6 0
conductor-kit/cmd/conductor/background.go:588.57,590.3 1 0
conductor-kit/cmd/conductor/background.go:591.2,613.18 4 0
conductor-kit/cmd/conductor/background.go:613.18,615.3 1 0
conductor-kit/cmd/conductor/background.go:617.2,638.21 3 0
conductor-kit/cmd/conductor/background.go:641.63,643.2 1 0
conductor-kit/cmd/conductor/background.go:645.83,646.35 1 0
conductor-kit/cmd/conductor/background.go:646.35,648.3 1 0
conductor-kit/cmd/conductor/background.go:649.2,649.41 1 0
conductor-kit/cmd/conductor/background.go:649.41,652.52 3 0
conductor-kit/cmd/conductor/background.go:652.52,654.4 1 0
conductor-kit/cmd/conductor/background.go:655.3,696.9 5 0
conductor-kit/cmd/conductor/background.go:699.2,700.51 2 0
conductor-kit/cmd/conductor/background.go:700.51,702.3 1 0
conductor-kit/cmd/conductor/background.go:703.2,707.16 4 0
conductor-kit/cmd/conductor/background.go:707.16,709.3 1 0
conductor-kit/cmd/conductor/background.go:710.2,711.16 2 0
conductor-kit/cmd/conductor/background.go:711.16,714.3 2 0
conductor-kit/cmd/conductor/background.go:716.2,717.18 2 0
conductor-kit/cmd/conductor/background.go:717.18,719.3 1 0
conductor-kit/cmd/conductor/background.go:720.2,742.8 4 0
conductor-kit/cmd/conductor/background.go:745.84,750.18 4 0
conductor-kit/cmd/conductor/background.go:750.18,752.3 1 0
conductor-kit/cmd/conductor/background.go:753.2,757.57 4 0
conductor-kit/cmd/conductor/background.go:757.57,759.3 1 0
conductor-kit/cmd/conductor/background.go:761.2,769.51 8 0
conductor-kit/cmd/conductor/background.go:769.51,774.106 5 0
conductor-kit/cmd/conductor/background.go:774.106,777.4 2 0
conductor-kit/cmd/conductor/background.go:779.3,782.21 4 0
conductor-kit/cmd/conductor/background.go:782.21,784.4 1 0
conductor-kit/cmd/conductor/background.go:785.3,785.24 1 0
conductor-kit/cmd/conductor/background.go:785.24,787.31 2 0
conductor-kit/cmd/conductor/background.go:787.31,789.5 1 0
conductor-kit/cmd/conductor/background.go:790.4,790.17 1 0
conductor-kit/cmd/conductor/background.go:793.3,794.25 2 0
conductor-kit/cmd/conductor/background.go:794.25,796.4 1 0
conductor-kit/cmd/conductor/background.go:797.3,797.37 1 0
conductor-kit/cmd/conductor/background.go:797.37,804.9 7 0
conductor-kit/cmd/conductor/background.go:807.3,829.58 8 0
conductor-kit/cmd/conductor/background.go:829.58,831.4 1 0
conductor-kit/cmd/conductor/background.go:833.3,834.58 2 0
conductor-kit/cmd/conductor/background.go:834.58,836.4 1 0
conductor-kit/cmd/conductor/background.go:837.3,837.40 1 0
conductor-kit/cmd/conductor/background.go:837.40,839.4 1 0
conductor-kit/cmd/conductor/background.go:841.3,841.21 1 0
conductor-kit/cmd/conductor/background.go:841.21,842.9 1 0
conductor-kit/cmd/conductor/background.go:844.3,844.40 1 0
conductor-kit/cmd/conductor/background.go:844.40,846.4 1 0
conductor-kit/cmd/conductor/background.go:849.2,867.57 2 0
conductor-kit/cmd/conductor/background.go:867.57,869.60 2 0
conductor-kit/cmd/conductor/background.go:869.60,871.4 1 0
conductor-kit/cmd/conductor/background.go:873.2,893.30 3 0
conductor-kit/cmd/conductor/background.go:893.30,895.3 1 0
conductor-kit/cmd/conductor/background.go:896.2,896.45 1 0
conductor-kit/cmd/conductor/background.go:899.80,901.16 2 0
conductor-kit/cmd/conductor/background.go:901.16,903.3 1 0
conductor-kit/cmd/conductor/background.go:904.2,906.13 3 0
conductor-kit/cmd/conductor/background.go:906.13,908.3 1 0
conductor-kit/cmd/conductor/background.go:909.2,928.8 3 0
conductor-kit/cmd/conductor/background.go:931.98,933.6 2 0
conductor-kit/cmd/conductor/background.go:933.6,935.17 2 0
conductor-kit/cmd/conductor/background.go:935.17,937.4 1 0
conductor-kit/cmd/conductor/background.go:938.3,938.63 1 0
conductor-kit/cmd/conductor/background.go:938.63,940.4 1 0
conductor-kit/cmd/conductor/background.go:941.3,941.30 1 0
conductor-kit/cmd/conductor/background.go:945.74,947.16 2 0
conductor-kit/cmd/conductor/background.go:947.16,949.3 1 0
conductor-kit/cmd/conductor/background.go:950.2,950.19 1 0
conductor-kit/cmd/conductor/background.go:950.19,952.3 1 0
conductor-kit/cmd/conductor/background.go:953.2,956.64 4 0
conductor-kit/cmd/conductor/background.go:956.64,958.3 1 0
conductor-kit/cmd/conductor/background.go:959.2,959.11 1 0
conductor-kit/cmd/conductor/background.go:959.11,962.3 2 0
conductor-kit/cmd/conductor/background.go:963.2,963.71 1 0
conductor-kit/cmd/conductor/background.go:966.43,967.25 1 1
conductor-kit/cmd/conductor/background.go:967.25,968.14 1 1
conductor-kit/cmd/conductor/background.go:968.14,970.4 1 1
conductor-kit/cmd/conductor/background.go:972.2,972.11 1 0
conductor-kit/cmd/conductor/background.go:975.42,977.21 2 1
conductor-kit/cmd/conductor/background.go:977.21,979.3 1 1
conductor-kit/cmd/conductor/background.go:980.2,980.22 1 1
conductor-kit/cmd/conductor/background.go:980.22,982.3 1 1
conductor-kit/cmd/conductor/background.go:983.2,983.22 1 1
conductor-kit/cmd/conductor/background.go:983.22,985.3 1 1
conductor-kit/cmd/conductor/background.go:986.2,986.21 1 1
conductor-kit/cmd/conductor/background.go:986.21,988.3 1 0
conductor-kit/cmd/conductor/background.go:989.2,989.33 1 1
conductor-kit/cmd/conductor/background.go:992.75,993.19 1 1
conductor-kit/cmd/conductor/background.go:993.19,995.3 1 1
conductor-kit/cmd/conductor/background.go:996.2,997.18 2 1
conductor-kit/cmd/conductor/background.go:997.18,1000.3 2 1
conductor-kit/cmd/conductor/background.go:1001.2,1001.53 1 1
conductor-kit/cmd/conductor/background.go:1004.170,1005.18 1 0
conductor-kit/cmd/conductor/background.go:1005.18,1007.3 1 0
conductor-kit/cmd/conductor/background.go:1008.2,1008.17 1 0
conductor-kit/cmd/conductor/background.go:1008.17,1010.3 1 0
conductor-kit/cmd/conductor/background.go:1011.2,1024.17 8 0
conductor-kit/cmd/conductor/background.go:1024.17,1026.17 2 0
conductor-kit/cmd/conductor/background.go:1026.17,1028.4 1 0
conductor-kit/cmd/conductor/background.go:1029.8,1031.17 2 0
conductor-kit/cmd/conductor/background.go:1031.17,1033.4 1 0
conductor-kit/cmd/conductor/background.go:1035.2,1041.21 6 0
conductor-kit/cmd/conductor/background.go:1041.21,1043.3 1 0
conductor-kit/cmd/conductor/background.go:1044.2,1046.29 3 0
conductor-kit/cmd/conductor/background.go:1046.29,1047.47 1 0
conductor-kit/cmd/conductor/background.go:1047.47,1050.4 2 0
conductor-kit/cmd/conductor/background.go:1053.2,1053.29 1 0
conductor-kit/cmd/conductor/background.go:1053.29,1056.10 3 0
conductor-kit/cmd/conductor/background.go:1056.10,1058.12 2 0
conductor-kit/cmd/conductor/background.go:1060.3,1060.67 1 0
conductor-kit/cmd/conductor/background.go:1060.67,1062.4 1 0
conductor-kit/cmd/conductor/background.go:1063.3,1064.23 2 0
conductor-kit/cmd/conductor/background.go:1064.23,1066.4 1 0
conductor-kit/cmd/conductor/background.go:1067.3,1068.23 2 0
conductor-kit/cmd/conductor/background.go:1068.23,1070.4 1 0
conductor-kit/cmd/conductor/background.go:1071.3,1071.32 1 0
conductor-kit/cmd/conductor/background.go:1071.32,1073.18 2 0
conductor-kit/cmd/conductor/background.go:1073.18,1075.13 2 0
conductor-kit/cmd/conductor/background.go:1077.4,1077.25 1 0
conductor-kit/cmd/conductor/background.go:1077.25,1079.5 1 0
conductor-kit/cmd/conductor/background.go:1080.4,1080.65 1 0
conductor-kit/cmd/conductor/background.go:1084.2,1084.22 1 0
conductor-kit/cmd/conductor/background.go:1084.22,1086.3 1 0
conductor-kit/cmd/conductor/background.go:1087.2,1088.19 2 0
conductor-kit/cmd/conductor/background.go:1088.19,1090.3 1 0
conductor-kit/cmd/conductor/background.go:1091.2,1096.32 5 0
conductor-kit/cmd/conductor/background.go:1096.32,1098.24 2 0
conductor-kit/cmd/conductor/background.go:1098.24,1101.17 3 0
conductor-kit/cmd/conductor/background.go:1101.17,1101.26 1 0
conductor-kit/cmd/conductor/background.go:1102.4,1107.18 6 0
conductor-kit/cmd/conductor/background.go:1107.18,1109.22 2 0
conductor-kit/cmd/conductor/background.go:1109.22,1112.6 2 0
conductor-kit/cmd/conductor/background.go:1113.5,1113.11 1 0
conductor-kit/cmd/conductor/background.go:1115.4,1116.21 2 0
conductor-kit/cmd/conductor/background.go:1116.21,1119.5 2 0
conductor-kit/cmd/conductor/background.go:1122.2,1123.19 2 0
conductor-kit/cmd/conductor/background.go:1123.19,1125.3 1 0
conductor-kit/cmd/conductor/background.go:1127.2,1128.28 2 0
conductor-kit/cmd/conductor/background.go:1128.28,1129.53 1 0
conductor-kit/cmd/conductor/background.go:1129.53,1131.9 2 0
conductor-kit/cmd/conductor/background.go:1135.2,1141.33 1 0
conductor-kit/cmd/conductor/background.go:1141.33,1142.54 1 0
conductor-kit/cmd/conductor/background.go:1142.54,1144.5 1 0
conductor-kit/cmd/conductor/background.go:1145.4,1145.14 1 0
conductor-kit/cmd/conductor/background.go:1150.175,1151.18 1 0
conductor-kit/cmd/conductor/background.go:1151.18,1153.3 1 0
conductor-kit/cmd/conductor/background.go:1154.2,1154.17 1 0
conductor-kit/cmd/conductor/background.go:1154.17,1156.3 1 0
conductor-kit/cmd/conductor/background.go:1157.2,1170.17 8 0
conductor-kit/cmd/conductor/background.go:1170.17,1172.17 2 0
conductor-kit/cmd/conductor/background.go:1172.17,1174.4 1 0
conductor-kit/cmd/conductor/background.go:1175.8,1177.17 2 0
conductor-kit/cmd/conductor/background.go:1177.17,1179.4 1 0
conductor-kit/cmd/conductor/background.go:1181.2,1186.21 5 0
conductor-kit/cmd/conductor/background.go:1186.21,1188.3 1 0
conductor-kit/cmd/conductor/background.go:1189.2,1191.29 3 0
conductor-kit/cmd/conductor/background.go:1191.29,1192.47 1 0
conductor-kit/cmd/conductor/background.go:1192.47,1195.4 2 0
conductor-kit/cmd/conductor/background.go:1198.2,1198.29 1 0
conductor-kit/cmd/conductor/background.go:1198.29,1201.10 3 0
conductor-kit/cmd/conductor/background.go:1201.10,1203.12 2 0
conductor-kit/cmd/conductor/background.go:1205.3,1206.23 2 0
conductor-kit/cmd/conductor/background.go:1206.23,1208.4 1 0
conductor-kit/cmd/conductor/background.go:1209.3,1210.23 2 0
conductor-kit/cmd/conductor/background.go:1210.23,1212.4 1 0
conductor-kit/cmd/conductor/background.go:1213.3,1213.32 1 0
conductor-kit/cmd/conductor/background.go:1213.32,1215.18 2 0
conductor-kit/cmd/conductor/background.go:1215.18,1217.13 2 0
conductor-kit/cmd/conductor/background.go:1219.4,1219.25 1 0
conductor-kit/cmd/conductor/background.go:1219.25,1221.5 1 0
conductor-kit/cmd/conductor/background.go:1222.4,1222.65 1 0
conductor-kit/cmd/conductor/background.go:1226.2,1227.19 2 0
conductor-kit/cmd/conductor/background.go:1227.19,1229.3 1 0
conductor-kit/cmd/conductor/background.go:1230.2,1231.32 2 0
conductor-kit/cmd/conductor/background.go:1231.32,1234.17 3 0
conductor-kit/cmd/conductor/background.go:1234.17,1236.21 2 0
conductor-kit/cmd/conductor/background.go:1236.21,1239.5 2 0
conductor-kit/cmd/conductor/background.go:1240.4,1240.12 1 0
conductor-kit/cmd/conductor/background.go:1242.3,1244.20 3 0
conductor-kit/cmd/conductor/background.go:1244.20,1247.4 2 0
conductor-kit/cmd/conductor/background.go:1249.2,1249.19 1 0
conductor-kit/cmd/conductor/background.go:1249.19,1251.3 1 0
conductor-kit/cmd/conductor/background.go:1253.2,1258.8 1 0
conductor-kit/cmd/conductor/config.go:82.59,83.13 1 1
conductor-kit/cmd/conductor/config.go:84.15,90.10 1 1
conductor-kit/cmd/conductor/config.go:91.16,95.10 1 1
conductor-kit/cmd/conductor/config.go:96.16,100.10 1 1
conductor-kit/cmd/conductor/config.go:101.10,102.31 1 1
conductor-kit/cmd/conductor/config.go:107.63,108.20 1 1
conductor-kit/cmd/conductor/config.go:108.20,110.3 1 1
conductor-kit/cmd/conductor/config.go:111.2,112.25 2 1
conductor-kit/cmd/conductor/config.go:112.25,113.10 1 1
conductor-kit/cmd/conductor/config.go:113.10,115.4 1 1
conductor-kit/cmd/conductor/config.go:116.3,116.51 1 1
conductor-kit/cmd/conductor/config.go:118.2,118.32 1 1
conductor-kit/cmd/conductor/config.go:118.32,120.3 1 1
conductor-kit/cmd/conductor/config.go:121.2,121.63 1 1
conductor-kit/cmd/conductor/config.go:121.63,124.3 2 1
conductor-kit/cmd/conductor/config.go:125.2,125.18 1 1
conductor-kit/cmd/conductor/config.go:128.55,129.20 1 1
conductor-kit/cmd/conductor/config.go:129.20,131.3 1 0
conductor-kit/cmd/conductor/config.go:132.2,132.20 1 1
conductor-kit/cmd/conductor/config.go:132.20,134.50 2 1
conductor-kit/cmd/conductor/config.go:134.50,136.4 1 0
conductor-kit/cmd/conductor/config.go:137.3,138.13 2 1
conductor-kit/cmd/conductor/config.go:140.2,145.51 2 1
conductor-kit/cmd/conductor/config.go:145.51,147.3 1 0
conductor-kit/cmd/conductor/config.go:148.2,149.31 2 1
conductor-kit/cmd/conductor/config.go:149.31,151.3 1 1
conductor-kit/cmd/conductor/config.go:151.8,153.3 1 1
conductor-kit/cmd/conductor/config.go:154.2,154.12 1 1
conductor-kit/cmd/conductor/config.go:158.46,161.16 3 1
conductor-kit/cmd/conductor/config.go:161.16,163.3 1 1
conductor-kit/cmd/conductor/config.go:164.2,164.51 1 1
conductor-kit/cmd/conductor/config.go:164.51,166.3 1 0
conductor-kit/cmd/conductor/config.go:167.2,167.17 1 1
conductor-kit/cmd/conductor/config.go:171.53,173.16 2 1
conductor-kit/cmd/conductor/config.go:173.16,174.25 1 1
conductor-kit/cmd/conductor/config.go:174.25,176.4 1 1
conductor-kit/cmd/conductor/config.go:177.3,177.23 1 0
conductor-kit/cmd/conductor/config.go:179.2,179.17 1 1
conductor-kit/cmd/conductor/config.go:190.45,191.26 1 1
conductor-kit/cmd/conductor/config.go:191.26,193.3 1 1
conductor-kit/cmd/conductor/config.go:194.2,194.24 1 1
conductor-kit/cmd/conductor/config.go:194.24,196.3 1 1
conductor-kit/cmd/conductor/config.go:197.2,197.17 1 1
conductor-kit/cmd/conductor/config.go:197.17,199.3 1 0
conductor-kit/cmd/conductor/config.go:200.2,200.26 1 1
conductor-kit/cmd/conductor/config.go:200.26,202.3 1 0
conductor-kit/cmd/conductor/config.go:203.2,203.10 1 1
conductor-kit/cmd/conductor/config.go:207.48,208.17 1 1
conductor-kit/cmd/conductor/config.go:208.17,210.3 1 0
conductor-kit/cmd/conductor/config.go:211.2,211.19 1 1
conductor-kit/cmd/conductor/config.go:215.95,216.25 1 1
conductor-kit/cmd/conductor/config.go:216.25,218.23 2 1
conductor-kit/cmd/conductor/config.go:218.23,220.4 1 0
conductor-kit/cmd/conductor/config.go:221.3,222.32 2 1
conductor-kit/cmd/conductor/config.go:222.32,223.19 1 1
conductor-kit/cmd/conductor/config.go:223.19,224.13 1 0
conductor-kit/cmd/conductor/config.go:226.4,226.90 1 1
conductor-kit/cmd/conductor/config.go:228.3,228.23 1 1
conductor-kit/cmd/conductor/config.go:228.23,230.4 1 1
conductor-kit/cmd/conductor/config.go:231.3,231.81 1 0
conductor-kit/cmd/conductor/config.go:233.2,233.26 1 1
conductor-kit/cmd/conductor/config.go:233.26,235.3 1 1
conductor-kit/cmd/conductor/config.go:236.2,237.35 2 1
conductor-kit/cmd/conductor/config.go:237.35,239.3 1 1
conductor-kit/cmd/conductor/config.go:240.2,240.16 1 1
conductor-kit/cmd/conductor/doctor.go:14.43,18.39 4 0
conductor-kit/cmd/conductor/doctor.go:18.39,21.3 2 0
conductor-kit/cmd/conductor/doctor.go:23.2,24.16 2 0
conductor-kit/cmd/conductor/doctor.go:24.16,27.3 2 0
conductor-kit/cmd/conductor/doctor.go:28.2,29.21 2 0
conductor-kit/cmd/conductor/doctor.go:29.21,30.30 1 0
conductor-kit/cmd/conductor/doctor.go:30.30,32.4 1 0
conductor-kit/cmd/conductor/doctor.go:33.3,33.11 1 0
conductor-kit/cmd/conductor/doctor.go:35.2,36.10 2 0
conductor-kit/cmd/conductor/doctor.go:39.35,44.39 5 0
conductor-kit/cmd/conductor/doctor.go:44.39,47.3 2 0
conductor-kit/cmd/conductor/doctor.go:49.2,50.16 2 0
conductor-kit/cmd/conductor/doctor.go:50.16,53.3 2 0
conductor-kit/cmd/conductor/doctor.go:54.2,56.40 2 0
conductor-kit/cmd/conductor/doctor.go:56.40,58.3 1 0
conductor-kit/cmd/conductor/doctor.go:60.2,60.50 1 0
conductor-kit/cmd/conductor/doctor.go:63.54,64.21 1 0
conductor-kit/cmd/conductor/doctor.go:64.21,65.30 1 0
conductor-kit/cmd/conductor/doctor.go:65.30,67.4 1 0
conductor-kit/cmd/conductor/doctor.go:68.3,68.11 1 0
conductor-kit/cmd/conductor/doctor.go:71.2,73.36 3 0
conductor-kit/cmd/conductor/doctor.go:73.36,74.21 1 0
conductor-kit/cmd/conductor/doctor.go:74.21,77.12 3 0
conductor-kit/cmd/conductor/doctor.go:79.3,79.35 1 0
conductor-kit/cmd/conductor/doctor.go:79.35,81.4 1 0
conductor-kit/cmd/conductor/doctor.go:81.9,84.4 2 0
conductor-kit/cmd/conductor/doctor.go:85.3,86.23 2 0
conductor-kit/cmd/conductor/doctor.go:86.23,88.4 1 0
conductor-kit/cmd/conductor/doctor.go:89.3,89.37 1 0
conductor-kit/cmd/conductor/doctor.go:89.37,90.24 1 0
conductor-kit/cmd/conductor/doctor.go:90.24,91.13 1 0
conductor-kit/cmd/conductor/doctor.go:93.4,94.23 2 0
conductor-kit/cmd/conductor/doctor.go:95.14,96.61 1 0
conductor-kit/cmd/conductor/doctor.go:97.16,98.76 1 0
conductor-kit/cmd/conductor/doctor.go:99.17,101.19 2 0
conductor-kit/cmd/conductor/doctor.go:105.2,105.13 1 0
conductor-kit/cmd/conductor/doctor.go:105.13,107.3 1 0
conductor-kit/cmd/conductor/doctor.go:108.2,108.10 1 0
conductor-kit/cmd/conductor/doctor.go:111.74,120.21 6 0
conductor-kit/cmd/conductor/doctor.go:120.21,122.30 2 0
conductor-kit/cmd/conductor/doctor.go:122.30,124.4 1 0
conductor-kit/cmd/conductor/doctor.go:125.3,127.11 3 0
conductor-kit/cmd/conductor/doctor.go:130.2,135.30 4 0
conductor-kit/cmd/conductor/doctor.go:135.30,137.3 1 0
conductor-kit/cmd/conductor/doctor.go:138.2,141.33 3 0
conductor-kit/cmd/conductor/doctor.go:141.33,147.21 4 0
conductor-kit/cmd/conductor/doctor.go:147.21,150.12 3 0
conductor-kit/cmd/conductor/doctor.go:153.3,154.19 2 0
conductor-kit/cmd/conductor/doctor.go:154.19,156.4 1 0
conductor-kit/cmd/conductor/doctor.go:156.9,159.4 2 0
conductor-kit/cmd/conductor/doctor.go:161.3,162.23 2 0
conductor-kit/cmd/conductor/doctor.go:162.23,164.4 1 0
conductor-kit/cmd/conductor/doctor.go:166.3,166.38 1 0
conductor-kit/cmd/conductor/doctor.go:166.38,167.24 1 0
conductor-kit/cmd/conductor/doctor.go:167.24,168.13 1 0
conductor-kit/cmd/conductor/doctor.go:170.4,171.23 2 0
conductor-kit/cmd/conductor/doctor.go:172.14,173.112 1 0
conductor-kit/cmd/conductor/doctor.go:174.16,175.168 1 0
conductor-kit/cmd/conductor/doctor.go:176.17,178.21 2 0
conductor-kit/cmd/conductor/doctor.go:181.3,181.23 1 0
conductor-kit/cmd/conductor/doctor.go:184.2,184.15 1 0
conductor-kit/cmd/conductor/doctor.go:184.15,189.3 4 0
conductor-kit/cmd/conductor/doctor.go:191.2,194.10 4 0
conductor-kit/cmd/conductor/doctor.go:197.42,199.25 2 1
conductor-kit/cmd/conductor/doctor.go:199.25,201.3 1 1
conductor-kit/cmd/conductor/doctor.go:202.2,202.34 1 1
conductor-kit/cmd/conductor/doctor.go:202.34,204.3 1 1
conductor-kit/cmd/conductor/doctor.go:205.2,205.36 1 1
conductor-kit/cmd/conductor/doctor.go:205.36,207.3 1 1
conductor-kit/cmd/conductor/doctor.go:208.2,208.28 1 1
conductor-kit/cmd/conductor/doctor.go:208.28,210.3 1 1
conductor-kit/cmd/conductor/doctor.go:211.2,211.37 1 1
conductor-kit/cmd/conductor/doctor.go:211.37,213.3 1 1
conductor-kit/cmd/conductor/doctor.go:214.2,214.36 1 1
conductor-kit/cmd/conductor/doctor.go:214.36,215.54 1 1
conductor-kit/cmd/conductor/doctor.go:215.54,217.4 1 1
conductor-kit/cmd/conductor/doctor.go:218.3,218.27 1 1
conductor-kit/cmd/conductor/doctor.go:218.27,220.4 1 1
conductor-kit/cmd/conductor/doctor.go:221.3,221.29 1 1
conductor-kit/cmd/conductor/doctor.go:221.29,223.4 1 0
conductor-kit/cmd/conductor/doctor.go:224.3,224.21 1 1
conductor-kit/cmd/conductor/doctor.go:224.21,226.4 1 0
conductor-kit/cmd/conductor/doctor.go:227.3,227.30 1 1
conductor-kit/cmd/conductor/doctor.go:227.30,229.4 1 0
conductor-kit/cmd/conductor/doctor.go:231.2,231.15 1 1
conductor-kit/cmd/conductor/doctor.go:239.53,240.17 1 1
conductor-kit/cmd/conductor/doctor.go:240.17,242.3 1 1
conductor-kit/cmd/conductor/doctor.go:243.2,243.34 1 1
conductor-kit/cmd/conductor/doctor.go:243.34,248.3 1 1
conductor-kit/cmd/conductor/doctor.go:249.2,249.13 1 1
conductor-kit/cmd/conductor/doctor.go:250.15,251.39 1 1
conductor-kit/cmd/conductor/doctor.go:251.39,253.4 1 1
conductor-kit/cmd/conductor/doctor.go:254.3,254.85 1 1
conductor-kit/cmd/conductor/doctor.go:255.16,256.42 1 1
conductor-kit/cmd/conductor/doctor.go:256.42,258.4 1 1
conductor-kit/cmd/conductor/doctor.go:259.3,259.89 1 1
conductor-kit/cmd/conductor/doctor.go:260.16,261.61 1 1
conductor-kit/cmd/conductor/doctor.go:261.61,263.4 1 1
conductor-kit/cmd/conductor/doctor.go:264.3,264.89 1 1
conductor-kit/cmd/conductor/doctor.go:265.10,266.87 1 1
conductor-kit/cmd/conductor/history.go:34.26,37.2 2 0
conductor-kit/cmd/conductor/history.go:39.62,40.16 1 0
conductor-kit/cmd/conductor/history.go:40.16,42.3 1 0
conductor-kit/cmd/conductor/history.go:43.2,44.16 2 0
conductor-kit/cmd/conductor/history.go:44.16,46.3 1 0
conductor-kit/cmd/conductor/history.go:48.2,52.63 4 0
conductor-kit/cmd/conductor/history.go:52.63,54.3 1 0
conductor-kit/cmd/conductor/history.go:55.2,56.16 2 0
conductor-kit/cmd/conductor/history.go:56.16,58.3 1 0
conductor-kit/cmd/conductor/history.go:59.2,61.12 3 0
conductor-kit/cmd/conductor/history.go:64.81,66.16 2 0
conductor-kit/cmd/conductor/history.go:66.16,67.25 1 0
conductor-kit/cmd/conductor/history.go:67.25,69.4 1 0
conductor-kit/cmd/conductor/history.go:70.3,70.18 1 0
conductor-kit/cmd/conductor/history.go:72.2,74.29 3 0
conductor-kit/cmd/conductor/history.go:74.29,76.17 2 0
conductor-kit/cmd/conductor/history.go:76.17,77.12 1 0
conductor-kit/cmd/conductor/history.go:79.3,80.60 2 0
conductor-kit/cmd/conductor/history.go:80.60,81.12 1 0
conductor-kit/cmd/conductor/history.go:83.3,83.43 1 0
conductor-kit/cmd/conductor/history.go:83.43,84.12 1 0
conductor-kit/cmd/conductor/history.go:86.3,86.37 1 0
conductor-kit/cmd/conductor/history.go:86.37,87.12 1 0
conductor-kit/cmd/conductor/history.go:89.3,89.40 1 0
conductor-kit/cmd/conductor/history.go:89.40,90.12 1 0
conductor-kit/cmd/conductor/history.go:92.3,92.33 1 0
conductor-kit/cmd/conductor/history.go:95.2,95.39 1 0
conductor-kit/cmd/conductor/history.go:95.39,97.3 1 0
conductor-kit/cmd/conductor/history.go:98.2,99.21 2 0
conductor-kit/cmd/conductor/history.go:102.56,104.16 2 0
conductor-kit/cmd/conductor/history.go:104.16,106.3 1 0
conductor-kit/cmd/conductor/history.go:107.2,107.30 1 0
conductor-kit/cmd/conductor/history.go:107.30,108.19 1 0
conductor-kit/cmd/conductor/history.go:108.19,110.4 1 0
conductor-kit/cmd/conductor/history.go:112.2,112.32 1 0
conductor-kit/cmd/conductor/history.go:115.42,116.56 1 0
conductor-kit/cmd/conductor/history.go:116.56,118.3 1 0
conductor-kit/cmd/conductor/history.go:121.43,124.2 2 0
conductor-kit/cmd/conductor/install.go:12.36,32.39 19 0
conductor-kit/cmd/conductor/install.go:32.39,35.3 2 0
conductor-kit/cmd/conductor/install.go:37.2,37.40 1 0
conductor-kit/cmd/conductor/install.go:37.40,40.3 2 0
conductor-kit/cmd/conductor/install.go:41.2,41.34 1 0
conductor-kit/cmd/conductor/install.go:41.34,44.3 2 0
conductor-kit/cmd/conductor/install.go:46.2,47.16 2 0
conductor-kit/cmd/conductor/install.go:47.16,49.3 1 0
conductor-kit/cmd/conductor/install.go:51.2,58.14 7 0
conductor-kit/cmd/conductor/install.go:58.14,65.3 6 0
conductor-kit/cmd/conductor/install.go:67.2,72.48 5 0
conductor-kit/cmd/conductor/install.go:72.48,75.3 2 0
conductor-kit/cmd/conductor/install.go:76.2,76.52 1 0
conductor-kit/cmd/conductor/install.go:76.52,79.3 2 0
conductor-kit/cmd/conductor/install.go:80.2,80.48 1 0
conductor-kit/cmd/conductor/install.go:80.48,83.3 2 0
conductor-kit/cmd/conductor/install.go:85.2,99.20 4 0
conductor-kit/cmd/conductor/install.go:99.20,101.3 1 0
conductor-kit/cmd/conductor/install.go:102.2,102.20 1 0
conductor-kit/cmd/conductor/install.go:102.20,104.3 1 0
conductor-kit/cmd/conductor/install.go:105.2,105.95 1 0
conductor-kit/cmd/conductor/install.go:105.95,109.55 4 0
conductor-kit/cmd/conductor/install.go:109.55,112.4 2 0
conductor-kit/cmd/conductor/install.go:115.2,122.31 2 0
conductor-kit/cmd/conductor/install.go:122.31,123.27 1 0
conductor-kit/cmd/conductor/install.go:123.27,125.4 1 0
conductor-kit/cmd/conductor/install.go:128.2,128.23 1 0
conductor-kit/cmd/conductor/install.go:128.23,131.3 2 0
conductor-kit/cmd/conductor/install.go:133.2,133.28 1 0
conductor-kit/cmd/conductor/install.go:133.28,134.20 1 0
conductor-kit/cmd/conductor/install.go:134.20,140.4 5 0
conductor-kit/cmd/conductor/install.go:141.3,141.22 1 0
conductor-kit/cmd/conductor/install.go:141.22,146.34 5 0
conductor-kit/cmd/conductor/install.go:146.34,147.65 1 0
conductor-kit/cmd/conductor/install.go:147.65,148.14 1 0
conductor-kit/cmd/conductor/install.go:150.5,152.52 3 0
conductor-kit/cmd/conductor/install.go:157.2,157.17 1 0
conductor-kit/cmd/conductor/install.go:157.17,161.46 4 0
conductor-kit/cmd/conductor/install.go:161.46,164.4 2 0
conductor-kit/cmd/conductor/install.go:167.2,167.19 1 0
conductor-kit/cmd/conductor/install.go:167.19,171.32 4 0
conductor-kit/cmd/conductor/install.go:171.32,173.4 1 0
conductor-kit/cmd/conductor/install.go:176.2,176.19 1 0
conductor-kit/cmd/conductor/install.go:176.19,178.15 2 0
conductor-kit/cmd/conductor/install.go:178.15,181.4 2 0
conductor-kit/cmd/conductor/install.go:182.3,183.26 2 0
conductor-kit/cmd/conductor/install.go:183.26,184.65 1 0
conductor-kit/cmd/conductor/install.go:184.65,187.5 2 0
conductor-kit/cmd/conductor/install.go:188.4,188.77 1 0
conductor-kit/cmd/conductor/install.go:188.77,191.5 2 0
conductor-kit/cmd/conductor/install.go:192.4,192.63 1 0
conductor-kit/cmd/conductor/install.go:192.63,195.5 2 0
conductor-kit/cmd/conductor/install.go:199.2,200.10 2 0
conductor-kit/cmd/conductor/install.go:203.27,212.2 1 1
conductor-kit/cmd/conductor/install.go:214.47,215.12 1 1
conductor-kit/cmd/conductor/install.go:215.12,217.3 1 1
conductor-kit/cmd/conductor/install.go:218.2,218.48 1 1
conductor-kit/cmd/conductor/install.go:218.48,221.3 2 0
conductor-kit/cmd/conductor/install.go:222.2,222.12 1 1
conductor-kit/cmd/conductor/install.go:225.69,226.22 1 1
conductor-kit/cmd/conductor/install.go:226.22,227.31 1 1
conductor-kit/cmd/conductor/install.go:227.31,228.30 1 0
conductor-kit/cmd/conductor/install.go:228.30,231.5 2 0
conductor-kit/cmd/conductor/install.go:232.9,232.20 1 1
conductor-kit/cmd/conductor/install.go:232.20,235.4 2 1
conductor-kit/cmd/conductor/install.go:236.3,236.13 1 1
conductor-kit/cmd/conductor/install.go:236.13,239.4 2 0
conductor-kit/cmd/conductor/install.go:240.3,240.44 1 1
conductor-kit/cmd/conductor/install.go:240.44,243.4 2 0
conductor-kit/cmd/conductor/install.go:245.2,245.12 1 1
conductor-kit/cmd/conductor/install.go:245.12,248.3 2 0
conductor-kit/cmd/conductor/install.go:249.2,249.20 1 1
conductor-kit/cmd/conductor/install.go:249.20,250.47 1 1
conductor-kit/cmd/conductor/install.go:250.47,253.4 2 0
conductor-kit/cmd/conductor/install.go:254.3,254.13 1 1
conductor-kit/cmd/conductor/install.go:256.2,257.16 2 1
conductor-kit/cmd/conductor/install.go:257.16,260.3 2 0
conductor-kit/cmd/conductor/install.go:261.2,261.18 1 1
conductor-kit/cmd/conductor/install.go:261.18,262.44 1 0
conductor-kit/cmd/conductor/install.go:262.44,265.4 2 0
conductor-kit/cmd/conductor/install.go:266.3,266.13 1 0
conductor-kit/cmd/conductor/install.go:268.2,268.44 1 1
conductor-kit/cmd/conductor/install.go:268.44,271.3 2 0
conductor-kit/cmd/conductor/install.go:272.2,272.12 1 1
conductor-kit/cmd/conductor/install.go:275.30,282.34 2 1
conductor-kit/cmd/conductor/install.go:282.34,283.17 1 1
conductor-kit/cmd/conductor/install.go:283.17,284.12 1 0
conductor-kit/cmd/conductor/install.go:286.3,286.41 1 1
conductor-kit/cmd/conductor/install.go:286.41,288.44 2 1
conductor-kit/cmd/conductor/install.go:288.44,290.20 2 1
conductor-kit/cmd/conductor/install.go:290.20,292.69 2 1
conductor-kit/cmd/conductor/install.go:292.69,294.7 1 1
conductor-kit/cmd/conductor/install.go:297.9,297.68 1 1
conductor-kit/cmd/conductor/install.go:297.68,299.4 1 0
conductor-kit/cmd/conductor/install.go:302.2,303.12 2 0
conductor-kit/cmd/conductor/install.go:306.41,308.16 2 1
conductor-kit/cmd/conductor/install.go:308.16,310.3 1 1
conductor-kit/cmd/conductor/install.go:311.2,311.37 1 1
conductor-kit/cmd/conductor/install.go:311.37,313.3 1 1
conductor-kit/cmd/conductor/install.go:314.2,315.16 2 1
conductor-kit/cmd/conductor/install.go:315.16,317.3 1 0
conductor-kit/cmd/conductor/install.go:318.2,318.29 1 1
conductor-kit/cmd/conductor/install.go:318.29,320.3 1 0
conductor-kit/cmd/conductor/install.go:321.2,323.16 3 1
conductor-kit/cmd/conductor/install.go:323.16,325.3 1 0
conductor-kit/cmd/conductor/install.go:326.2,326.41 1 1
conductor-kit/cmd/conductor/install.go:329.39,331.16 2 1
conductor-kit/cmd/conductor/install.go:331.16,333.3 1 1
conductor-kit/cmd/conductor/install.go:334.2,336.16 3 1
conductor-kit/cmd/conductor/install.go:336.16,338.3 1 0
conductor-kit/cmd/conductor/install.go:339.2,341.16 3 1
conductor-kit/cmd/conductor/install.go:341.16,343.3 1 0
conductor-kit/cmd/conductor/install.go:344.2,344.20 1 1
conductor-kit/cmd/conductor/install.go:347.38,349.16 2 1
conductor-kit/cmd/conductor/install.go:349.16,351.3 1 0
conductor-kit/cmd/conductor/install.go:352.2,352.49 1 1
conductor-kit/cmd/conductor/install.go:352.49,354.3 1 0
conductor-kit/cmd/conductor/install.go:355.2,355.32 1 1
conductor-kit/cmd/conductor/install.go:355.32,358.20 3 1
conductor-kit/cmd/conductor/install.go:358.20,359.53 1 1
conductor-kit/cmd/conductor/install.go:359.53,361.5 1 0
conductor-kit/cmd/conductor/install.go:362.4,362.12 1 1
conductor-kit/cmd/conductor/install.go:364.3,364.53 1 1
conductor-kit/cmd/conductor/install.go:364.53,366.4 1 0
conductor-kit/cmd/conductor/install.go:368.2,368.12 1 1
conductor-kit/cmd/conductor/install.go:371.48,373.47 2 0
conductor-kit/cmd/conductor/install.go:373.47,375.61 2 0
conductor-kit/cmd/conductor/install.go:375.61,377.4 1 0
conductor-kit/cmd/conductor/install.go:379.2,379.15 1 0
conductor-kit/cmd/conductor/install.go:382.48,384.45 2 0
conductor-kit/cmd/conductor/install.go:384.45,386.52 2 0
conductor-kit/cmd/conductor/install.go:386.52,388.4 1 0
conductor-kit/cmd/conductor/install.go:390.2,390.15 1 0
conductor-kit/cmd/conductor/main.go:13.13,15.22 1 0
conductor-kit/cmd/conductor/main.go:15.22,17.60 2 0
conductor-kit/cmd/conductor/main.go:17.60,20.4 2 0
conductor-kit/cmd/conductor/main.go:23.2,24.13 2 0
conductor-kit/cmd/conductor/main.go:25.17,26.28 1 0
conductor-kit/cmd/conductor/main.go:27.19,28.30 1 0
conductor-kit/cmd/conductor/main.go:29.18,30.29 1 0
conductor-kit/cmd/conductor/main.go:31.16,32.27 1 0
conductor-kit/cmd/conductor/main.go:33.15,34.26 1 0
conductor-kit/cmd/conductor/main.go:35.25,36.35 1 0
conductor-kit/cmd/conductor/main.go:37.16,38.27 1 0
conductor-kit/cmd/conductor/main.go:39.20,40.30 1 0
conductor-kit/cmd/conductor/main.go:41.13,42.30 1 0
conductor-kit/cmd/conductor/main.go:44.10,46.13 2 0
conductor-kit/cmd/conductor/main.go:50.55,63.55 2 0
conductor-kit/cmd/conductor/main.go:63.55,64.27 1 0
conductor-kit/cmd/conductor/main.go:64.27,66.4 1 0
conductor-kit/cmd/conductor/main.go:69.2,91.34 3 0
conductor-kit/cmd/conductor/main.go:91.34,92.19 1 0
conductor-kit/cmd/conductor/main.go:92.19,94.4 1 0
conductor-kit/cmd/conductor/main.go:95.3,95.22 1 0
conductor-kit/cmd/conductor/main.go:98.2,98.17 1 0
conductor-kit/cmd/conductor/main.go:101.18,125.2 1 0
conductor-kit/cmd/conductor/mcp.go:13.32,20.80 2 0
conductor-kit/cmd/conductor/mcp.go:20.80,21.49 1 0
conductor-kit/cmd/conductor/mcp.go:21.49,23.5 1 0
conductor-kit/cmd/conductor/mcp.go:24.4,24.14 1 0
conductor-kit/cmd/conductor/mcp.go:26.84,27.49 1 0
conductor-kit/cmd/conductor/mcp.go:27.49,29.5 1 0
conductor-kit/cmd/conductor/mcp.go:30.4,30.14 1 0
conductor-kit/cmd/conductor/mcp.go:34.2,40.51 2 0
conductor-kit/cmd/conductor/mcp.go:40.51,44.3 1 0
conductor-kit/cmd/conductor/mcp.go:45.2,50.126 2 0
conductor-kit/cmd/conductor/mcp.go:50.126,52.20 2 0
conductor-kit/cmd/conductor/mcp.go:52.20,54.4 1 0
conductor-kit/cmd/conductor/mcp.go:55.3,56.17 2 0
conductor-kit/cmd/conductor/mcp.go:56.17,58.4 1 0
conductor-kit/cmd/conductor/mcp.go:59.3,59.20 1 0
conductor-kit/cmd/conductor/mcp.go:59.20,61.4 1 0
conductor-kit/cmd/conductor/mcp.go:62.3,62.27 1 0
conductor-kit/cmd/conductor/mcp.go:65.2,68.128 1 0
conductor-kit/cmd/conductor/mcp.go:68.128,71.17 3 0
conductor-kit/cmd/conductor/mcp.go:71.17,73.4 1 0
conductor-kit/cmd/conductor/mcp.go:74.3,74.27 1 0
conductor-kit/cmd/conductor/mcp.go:77.2,80.126 1 0
conductor-kit/cmd/conductor/mcp.go:80.126,82.20 2 0
conductor-kit/cmd/conductor/mcp.go:82.20,84.4 1 0
conductor-kit/cmd/conductor/mcp.go:85.3,86.17 2 0
conductor-kit/cmd/conductor/mcp.go:86.17,88.4 1 0
conductor-kit/cmd/conductor/mcp.go:89.3,89.20 1 0
conductor-kit/cmd/conductor/mcp.go:89.20,91.4 1 0
conductor-kit/cmd/conductor/mcp.go:92.3,92.27 1 0
conductor-kit/cmd/conductor/mcp.go:95.2,98.128 1 0
conductor-kit/cmd/conductor/mcp.go:98.128,101.17 3 0
conductor-kit/cmd/conductor/mcp.go:101.17,103.4 1 0
conductor-kit/cmd/conductor/mcp.go:104.3,104.27 1 0
conductor-kit/cmd/conductor/mcp.go:107.2,110.129 1 0
conductor-kit/cmd/conductor/mcp.go:110.129,111.24 1 0
conductor-kit/cmd/conductor/mcp.go:111.24,113.4 1 0
conductor-kit/cmd/conductor/mcp.go:114.3,115.17 2 0
conductor-kit/cmd/conductor/mcp.go:115.17,117.4 1 0
conductor-kit/cmd/conductor/mcp.go:118.3,118.27 1 0
conductor-kit/cmd/conductor/mcp.go:121.2,124.127 1 0
conductor-kit/cmd/conductor/mcp.go:124.127,125.24 1 0
conductor-kit/cmd/conductor/mcp.go:125.24,127.4 1 0
conductor-kit/cmd/conductor/mcp.go:128.3,129.20 2 0
conductor-kit/cmd/conductor/mcp.go:129.20,131.4 1 0
conductor-kit/cmd/conductor/mcp.go:132.3,133.17 2 0
conductor-kit/cmd/conductor/mcp.go:133.17,135.4 1 0
conductor-kit/cmd/conductor/mcp.go:136.3,136.20 1 0
conductor-kit/cmd/conductor/mcp.go:136.20,138.4 1 0
conductor-kit/cmd/conductor/mcp.go:139.3,139.27 1 0
conductor-kit/cmd/conductor/mcp.go:142.2,145.129 1 0
conductor-kit/cmd/conductor/mcp.go:145.129,146.24 1 0
conductor-kit/cmd/conductor/mcp.go:146.24,148.4 1 0
conductor-kit/cmd/conductor/mcp.go:149.3,150.17 2 0
conductor-kit/cmd/conductor/mcp.go:150.17,152.4 1 0
conductor-kit/cmd/conductor/mcp.go:153.3,153.27 1 0
conductor-kit/cmd/conductor/mcp.go:156.2,159.130 1 0
conductor-kit/cmd/conductor/mcp.go:159.130,161.17 2 0
conductor-kit/cmd/conductor/mcp.go:161.17,163.4 1 0
conductor-kit/cmd/conductor/mcp.go:164.3,164.82 1 0
conductor-kit/cmd/conductor/mcp.go:167.2,170.127 1 0
conductor-kit/cmd/conductor/mcp.go:170.127,171.24 1 0
conductor-kit/cmd/conductor/mcp.go:171.24,173.4 1 0
conductor-kit/cmd/conductor/mcp.go:174.3,175.17 2 0
conductor-kit/cmd/conductor/mcp.go:175.17,177.4 1 0
conductor-kit/cmd/conductor/mcp.go:178.3,178.70 1 0
conductor-kit/cmd/conductor/mcp.go:181.2,184.128 1 0
conductor-kit/cmd/conductor/mcp.go:184.128,187.17 3 0
conductor-kit/cmd/conductor/mcp.go:187.17,189.4 1 0
conductor-kit/cmd/conductor/mcp.go:190.3,190.53 1 0
conductor-kit/cmd/conductor/mcp.go:193.2,196.128 1 0
conductor-kit/cmd/conductor/mcp.go:196.128,199.17 3 0
conductor-kit/cmd/conductor/mcp.go:199.17,201.4 1 0
conductor-kit/cmd/conductor/mcp.go:202.3,203.27 2 0
conductor-kit/cmd/conductor/mcp.go:206.2,209.132 1 0
conductor-kit/cmd/conductor/mcp.go:209.132,211.17 2 0
conductor-kit/cmd/conductor/mcp.go:211.17,213.4 1 0
conductor-kit/cmd/conductor/mcp.go:214.3,214.27 1 0
conductor-kit/cmd/conductor/mcp.go:217.2,220.132 1 0
conductor-kit/cmd/conductor/mcp.go:220.132,222.17 2 0
conductor-kit/cmd/conductor/mcp.go:222.17,224.4 1 0
conductor-kit/cmd/conductor/mcp.go:225.3,225.27 1 0
conductor-kit/cmd/conductor/mcp.go:228.2,231.131 1 0
conductor-kit/cmd/conductor/mcp.go:231.131,232.24 1 0
conductor-kit/cmd/conductor/mcp.go:232.24,234.4 1 0
conductor-kit/cmd/conductor/mcp.go:235.3,236.17 2 0
conductor-kit/cmd/conductor/mcp.go:236.17,238.4 1 0
conductor-kit/cmd/conductor/mcp.go:239.3,239.27 1 0
conductor-kit/cmd/conductor/mcp.go:242.2,245.131 1 0
conductor-kit/cmd/conductor/mcp.go:245.131,246.24 1 0
conductor-kit/cmd/conductor/mcp.go:246.24,248.4 1 0
conductor-kit/cmd/conductor/mcp.go:249.3,250.17 2 0
conductor-kit/cmd/conductor/mcp.go:250.17,252.4 1 0
conductor-kit/cmd/conductor/mcp.go:253.3,253.27 1 0
conductor-kit/cmd/conductor/mcp.go:256.2,259.132 1 0
conductor-kit/cmd/conductor/mcp.go:259.132,261.17 2 0
conductor-kit/cmd/conductor/mcp.go:261.17,263.4 1 0
conductor-kit/cmd/conductor/mcp.go:264.3,264.27 1 0
conductor-kit/cmd/conductor/mcp.go:267.2,269.16 3 0
conductor-kit/cmd/conductor/mcp.go:269.16,272.3 2 0
conductor-kit/cmd/conductor/mcp.go:273.2,273.39 1 0
conductor-kit/cmd/conductor/mcp.go:273.39,276.3 2 0
conductor-kit/cmd/conductor/mcp.go:277.2,277.10 1 0
conductor-kit/cmd/conductor/mcp.go:280.97,281.59 1 0
conductor-kit/cmd/conductor/mcp.go:281.59,283.3 1 0
conductor-kit/cmd/conductor/mcp.go:284.2,285.18 2 0
conductor-kit/cmd/conductor/mcp.go:285.18,287.3 1 0
conductor-kit/cmd/conductor/mcp.go:288.2,288.63 1 0
conductor-kit/cmd/conductor/mcp.go:288.63,294.16 2 0
conductor-kit/cmd/conductor/mcp.go:294.16,296.4 1 0
conductor-kit/cmd/conductor/mcp.go:297.3,297.46 1 0
conductor-kit/cmd/conductor/mcp.go:306.47,307.19 1 0
conductor-kit/cmd/conductor/mcp.go:307.19,309.3 1 0
conductor-kit/cmd/conductor/mcp.go:310.2,310.28 1 0
conductor-kit/cmd/conductor/mcp.go:313.57,314.24 1 0
conductor-kit/cmd/conductor/mcp.go:314.24,316.3 1 0
conductor-kit/cmd/conductor/mcp.go:317.2,317.36 1 0
conductor-kit/cmd/conductor/mcp.go:320.55,321.18 1 0
conductor-kit/cmd/conductor/mcp.go:321.18,323.3 1 0
conductor-kit/cmd/conductor/mcp.go:324.2,324.33 1 0
conductor-kit/cmd/conductor/mcp.go:327.78,328.20 1 0
conductor-kit/cmd/conductor/mcp.go:328.20,330.3 1 0
conductor-kit/cmd/conductor/mcp.go:331.2,346.27 3 0
conductor-kit/cmd/conductor/mcp.go:346.27,347.34 1 0
conductor-kit/cmd/conductor/mcp.go:347.34,349.4 1 0
conductor-kit/cmd/conductor/mcp.go:351.2,351.12 1 0
conductor-kit/cmd/conductor/mcp.go:354.83,355.20 1 0
conductor-kit/cmd/conductor/mcp.go:355.20,357.3 1 0
conductor-kit/cmd/conductor/mcp.go:358.2,359.105 2 0
conductor-kit/cmd/conductor/mcp.go:359.105,360.34 1 0
conductor-kit/cmd/conductor/mcp.go:360.34,362.4 1 0
conductor-kit/cmd/conductor/mcp.go:364.2,365.20 2 0
conductor-kit/cmd/conductor/mcp.go:365.20,367.31 2 0
conductor-kit/cmd/conductor/mcp.go:367.31,369.4 1 0
conductor-kit/cmd/conductor/mcp.go:370.3,370.27 1 0
conductor-kit/cmd/conductor/mcp.go:372.2,372.12 1 0
conductor-kit/cmd/conductor/mcp.go:375.94,377.16 2 0
conductor-kit/cmd/conductor/mcp.go:377.16,379.3 1 0
conductor-kit/cmd/conductor/mcp.go:380.2,381.65 2 0
conductor-kit/cmd/conductor/mcp.go:381.65,383.3 1 0
conductor-kit/cmd/conductor/mcp.go:384.2,384.21 1 0
conductor-kit/cmd/conductor/mcp.go:387.99,388.22 1 1
conductor-kit/cmd/conductor/mcp.go:388.22,390.3 1 1
conductor-kit/cmd/conductor/mcp.go:391.2,391.125 1 0
conductor-kit/cmd/conductor/mcp.go:394.87,395.24 1 0
conductor-kit/cmd/conductor/mcp.go:395.24,397.3 1 0
conductor-kit/cmd/conductor/mcp.go:398.2,398.22 1 0
conductor-kit/cmd/conductor/mcp.go:398.22,400.3 1 0
conductor-kit/cmd/conductor/mcp.go:401.2,406.16 5 0
conductor-kit/cmd/conductor/mcp.go:406.16,408.3 1 0
conductor-kit/cmd/conductor/mcp.go:409.2,409.41 1 0
conductor-kit/cmd/conductor/mcp.go:409.41,411.3 1 0
conductor-kit/cmd/conductor/mcp.go:412.2,417.16 5 0
conductor-kit/cmd/conductor/mcp.go:417.16,419.3 1 0
conductor-kit/cmd/conductor/mcp.go:420.2,423.16 4 0
conductor-kit/cmd/conductor/mcp.go:423.16,426.3 2 0
conductor-kit/cmd/conductor/mcp.go:427.2,428.48 2 0
conductor-kit/cmd/conductor/mcp.go:428.48,430.3 1 0
conductor-kit/cmd/conductor/mcp.go:431.2,431.21 1 0
conductor-kit/cmd/conductor/mcp.go:434.92,435.24 1 1
conductor-kit/cmd/conductor/mcp.go:435.24,437.3 1 0
conductor-kit/cmd/conductor/mcp.go:438.2,438.22 1 1
conductor-kit/cmd/conductor/mcp.go:438.22,440.3 1 0
conductor-kit/cmd/conductor/mcp.go:441.2,443.16 3 1
conductor-kit/cmd/conductor/mcp.go:443.16,445.3 1 0
conductor-kit/cmd/conductor/mcp.go:446.2,446.41 1 1
conductor-kit/cmd/conductor/mcp.go:446.41,448.3 1 0
conductor-kit/cmd/conductor/mcp.go:449.2,454.16 5 1
conductor-kit/cmd/conductor/mcp.go:454.16,456.3 1 0
conductor-kit/cmd/conductor/mcp.go:457.2,457.29 1 1
conductor-kit/cmd/conductor/mcp.go:457.29,459.3 1 0
conductor-kit/cmd/conductor/mcp.go:460.2,460.22 1 1
conductor-kit/cmd/conductor/mcp.go:460.22,463.3 2 1
conductor-kit/cmd/conductor/mcp.go:465.2,467.16 3 0
conductor-kit/cmd/conductor/mcp.go:467.16,470.3 2 0
conductor-kit/cmd/conductor/mcp.go:471.2,472.21 2 0
conductor-kit/cmd/conductor/mcp.go:475.71,477.15 2 0
conductor-kit/cmd/conductor/mcp.go:477.15,479.3 1 0
conductor-kit/cmd/conductor/mcp.go:480.2,480.53 1 0
conductor-kit/cmd/conductor/mcp.go:480.53,482.3 1 0
conductor-kit/cmd/conductor/mcp.go:483.2,483.40 1 0
conductor-kit/cmd/conductor/mcp.go:486.67,488.15 2 0
conductor-kit/cmd/conductor/mcp.go:488.15,490.3 1 0
conductor-kit/cmd/conductor/mcp.go:491.2,492.18 2 0
conductor-kit/cmd/conductor/mcp.go:492.18,494.3 1 0
conductor-kit/cmd/conductor/mcp.go:495.2,495.53 1 0
conductor-kit/cmd/conductor/mcp.go:495.53,497.3 1 0
conductor-kit/cmd/conductor/mcp.go:498.2,498.44 1 0
conductor-kit/cmd/conductor/mcp.go:501.71,502.53 1 1
conductor-kit/cmd/conductor/mcp.go:502.53,505.3 2 1
conductor-kit/cmd/conductor/mcp.go:506.2,506.44 1 0
conductor-kit/cmd/conductor/mcp.go:509.74,511.20 2 1
conductor-kit/cmd/conductor/mcp.go:511.20,513.3 1 0
conductor-kit/cmd/conductor/mcp.go:514.2,515.70 2 1
conductor-kit/cmd/conductor/mcp.go:518.77,520.20 2 1
conductor-kit/cmd/conductor/mcp.go:520.20,522.3 1 0
conductor-kit/cmd/conductor/mcp.go:523.2,524.70 2 1
conductor-kit/cmd/conductor/mcp.go:527.79,529.20 2 1
conductor-kit/cmd/conductor/mcp.go:529.20,531.3 1 0
conductor-kit/cmd/conductor/mcp.go:532.2,532.45 1 1
conductor-kit/cmd/conductor/mcp.go:532.45,534.3 1 0
conductor-kit/cmd/conductor/mcp.go:535.2,535.79 1 1
conductor-kit/cmd/conductor/mcp.go:538.78,540.20 2 0
conductor-kit/cmd/conductor/mcp.go:540.20,542.3 1 0
conductor-kit/cmd/conductor/mcp.go:543.2,543.44 1 0
conductor-kit/cmd/conductor/mcp.go:543.44,545.3 1 0
conductor-kit/cmd/conductor/mcp.go:546.2,546.81 1 0
conductor-kit/cmd/conductor/mcp.go:549.58,551.20 2 1
conductor-kit/cmd/conductor/mcp.go:551.20,553.3 1 0
conductor-kit/cmd/conductor/mcp.go:554.2,554.46 1 1
conductor-kit/cmd/conductor/mcp_bundle.go:30.38,38.39 8 0
conductor-kit/cmd/conductor/mcp_bundle.go:38.39,41.3 2 0
conductor-kit/cmd/conductor/mcp_bundle.go:43.2,43.21 1 0
conductor-kit/cmd/conductor/mcp_bundle.go:43.21,46.3 2 0
conductor-kit/cmd/conductor/mcp_bundle.go:47.2,47.23 1 0
conductor-kit/cmd/conductor/mcp_bundle.go:47.23,50.27 3 0
conductor-kit/cmd/conductor/mcp_bundle.go:50.27,52.4 1 0
conductor-kit/cmd/conductor/mcp_bundle.go:52.9,54.4 1 0
conductor-kit/cmd/conductor/mcp_bundle.go:57.2,58.16 2 0
conductor-kit/cmd/conductor/mcp_bundle.go:58.16,61.3 2 0
conductor-kit/cmd/conductor/mcp_bundle.go:62.2,63.9 2 0
conductor-kit/cmd/conductor/mcp_bundle.go:63.9,66.3 2 0
conductor-kit/cmd/conductor/mcp_bundle.go:68.2,69.32 2 0
conductor-kit/cmd/conductor/mcp_bundle.go:70.16,71.43 1 0
conductor-kit/cmd/conductor/mcp_bundle.go:72.15,73.42 1 0
conductor-kit/cmd/conductor/mcp_bundle.go:74.10,76.11 2 0
conductor-kit/cmd/conductor/mcp_bundle.go:78.2,78.16 1 0
conductor-kit/cmd/conductor/mcp_bundle.go:78.16,81.3 2 0
conductor-kit/cmd/conductor/mcp_bundle.go:83.2,83.20 1 0
conductor-kit/cmd/conductor/mcp_bundle.go:83.20,84.71 1 0
conductor-kit/cmd/conductor/mcp_bundle.go:84.71,87.4 2 0
conductor-kit/cmd/conductor/mcp_bundle.go:88.3,88.11 1 0
conductor-kit/cmd/conductor/mcp_bundle.go:90.2,91.10 2 0
conductor-kit/cmd/conductor/mcp_bundle.go:94.29,101.2 1 0
conductor-kit/cmd/conductor/mcp_bundle.go:103.58,106.16 3 0
conductor-kit/cmd/conductor/mcp_bundle.go:106.16,108.3 1 0
conductor-kit/cmd/conductor/mcp_bundle.go:109.2,109.51 1 0
conductor-kit/cmd/conductor/mcp_bundle.go:109.51,111.3 1 0
conductor-kit/cmd/conductor/mcp_bundle.go:112.2,112.17 1 0
conductor-kit/cmd/conductor/mcp_bundle.go:115.56,122.35 3 0
conductor-kit/cmd/conductor/mcp_bundle.go:122.35,123.24 1 0
conductor-kit/cmd/conductor/mcp_bundle.go:123.24,124.12 1 0
conductor-kit/cmd/conductor/mcp_bundle.go:126.3,130.4 1 0
conductor-kit/cmd/conductor/mcp_bundle.go:132.2,134.16 3 0
conductor-kit/cmd/conductor/mcp_bundle.go:134.16,136.3 1 0
conductor-kit/cmd/conductor/mcp_bundle.go:137.2,137.33 1 0
conductor-kit/cmd/conductor/mcp_bundle.go:140.55,142.35 2 0
conductor-kit/cmd/conductor/mcp_bundle.go:142.35,143.24 1 0
conductor-kit/cmd/conductor/mcp_bundle.go:143.24,144.12 1 0
conductor-kit/cmd/conductor/mcp_bundle.go:146.3,148.30 3 0
conductor-kit/cmd/conductor/mcp_bundle.go:150.2,150.46 1 0
conductor-kit/cmd/conductor/mcp_bundle.go:153.41,154.21 1 0
conductor-kit/cmd/conductor/mcp_bundle.go:154.21,156.3 1 0
conductor-kit/cmd/conductor/mcp_bundle.go:157.2,157.37 1 0
conductor-kit/cmd/conductor/mcp_bundle.go:157.37,159.3 1 0
conductor-kit/cmd/conductor/mcp_bundle.go:160.2,160.13 1 0
conductor-kit/cmd/conductor/mcp_cli_adapter.go:32.83,33.32 1 0
conductor-kit/cmd/conductor/mcp_cli_adapter.go:33.32,35.3 1 0
conductor-kit/cmd/conductor/mcp_cli_adapter.go:38.2,43.22 4 0
conductor-kit/cmd/conductor/mcp_cli_adapter.go:43.22,45.3 1 0
conductor-kit/cmd/conductor/mcp_cli_adapter.go:46.2,48.66 3 0
conductor-kit/cmd/conductor/mcp_cli_adapter.go:48.66,51.3 2 0
conductor-kit/cmd/conductor/mcp_cli_adapter.go:52.2,56.16 4 0
conductor-kit/cmd/conductor/mcp_cli_adapter.go:56.16,58.3 1 0
conductor-kit/cmd/conductor/mcp_cli_adapter.go:59.2,60.16 2 0
conductor-kit/cmd/conductor/mcp_cli_adapter.go:60.16,62.3 1 0
conductor-kit/cmd/conductor/mcp_cli_adapter.go:64.2,67.36 3 0
conductor-kit/cmd/conductor/mcp_cli_adapter.go:67.36,69.3 1 0
conductor-kit/cmd/conductor/mcp_cli_adapter.go:71.2,73.12 3 0
conductor-kit/cmd/conductor/mcp_cli_adapter.go:73.12,76.3 2 0
conductor-kit/cmd/conductor/mcp_cli_adapter.go:77.2,77.12 1 0
conductor-kit/cmd/conductor/mcp_cli_adapter.go:77.12,80.3 2 0
conductor-kit/cmd/conductor/mcp_cli_adapter.go:82.2,85.25 3 0
conductor-kit/cmd/conductor/mcp_cli_adapter.go:85.25,87.3 1 0
conductor-kit/cmd/conductor/mcp_cli_adapter.go:88.2,88.43 1 0
conductor-kit/cmd/conductor/mcp_cli_adapter.go:88.43,90.3 1 0
conductor-kit/cmd/conductor/mcp_cli_adapter.go:91.2,91.16 1 0
conductor-kit/cmd/conductor/mcp_cli_adapter.go:91.16,93.22 2 0
conductor-kit/cmd/conductor/mcp_cli_adapter.go:93.22,95.4 1 0
conductor-kit/cmd/conductor/mcp_cli_adapter.go:96.3,96.58 1 0
conductor-kit/cmd/conductor/mcp_cli_adapter.go:98.2,98.48 1 0
conductor-kit/cmd/conductor/mcp_cli_adapter.go:102.42,103.37 1 1
conductor-kit/cmd/conductor/mcp_cli_adapter.go:103.37,105.3 1 1
conductor-kit/cmd/conductor/mcp_cli_adapter.go:106.2,106.12 1 1
conductor-kit/cmd/conductor/mcp_cli_adapter.go:110.42,113.29 3 0
conductor-kit/cmd/conductor/mcp_cli_adapter.go:113.29,115.20 2 0
conductor-kit/cmd/conductor/mcp_cli_adapter.go:115.20,117.4 1 0
conductor-kit/cmd/conductor/mcp_cli_adapter.go:119.2,119.12 1 0
conductor-kit/cmd/conductor/mcp_host_config.go:15.73,16.12 1 0
conductor-kit/cmd/conductor/mcp_host_config.go:16.12,19.3 2 0
conductor-kit/cmd/conductor/mcp_host_config.go:20.2,20.51 1 0
conductor-kit/cmd/conductor/mcp_host_config.go:20.51,23.3 2 0
conductor-kit/cmd/conductor/mcp_host_config.go:24.2,25.16 2 0
conductor-kit/cmd/conductor/mcp_host_config.go:25.16,27.3 1 0
conductor-kit/cmd/conductor/mcp_host_config.go:28.2,28.38 1 0
conductor-kit/cmd/conductor/mcp_host_config.go:28.38,30.10 2 0
conductor-kit/cmd/conductor/mcp_host_config.go:30.10,32.4 1 0
conductor-kit/cmd/conductor/mcp_host_config.go:33.3,33.41 1 0
conductor-kit/cmd/conductor/mcp_host_config.go:33.41,34.30 1 0
conductor-kit/cmd/conductor/mcp_host_config.go:34.30,35.13 1 0
conductor-kit/cmd/conductor/mcp_host_config.go:37.4,42.36 6 0
conductor-kit/cmd/conductor/mcp_host_config.go:42.36,45.5 1 0
conductor-kit/cmd/conductor/mcp_host_config.go:48.2,48.12 1 0
conductor-kit/cmd/conductor/mcp_host_config.go:51.60,52.12 1 0
conductor-kit/cmd/conductor/mcp_host_config.go:52.12,53.39 1 0
conductor-kit/cmd/conductor/mcp_host_config.go:53.39,55.4 1 0
conductor-kit/cmd/conductor/mcp_host_config.go:56.3,56.13 1 0
conductor-kit/cmd/conductor/mcp_host_config.go:58.2,58.51 1 0
conductor-kit/cmd/conductor/mcp_host_config.go:58.51,60.3 1 0
conductor-kit/cmd/conductor/mcp_host_config.go:61.2,61.38 1 0
conductor-kit/cmd/conductor/mcp_host_config.go:61.38,65.35 4 0
conductor-kit/cmd/conductor/mcp_host_config.go:65.36,67.4 0 0
conductor-kit/cmd/conductor/mcp_host_config.go:69.2,69.12 1 0
conductor-kit/cmd/conductor/mcp_host_config.go:72.60,73.12 1 0
conductor-kit/cmd/conductor/mcp_host_config.go:73.12,76.3 2 0
conductor-kit/cmd/conductor/mcp_host_config.go:77.2,77.50 1 0
conductor-kit/cmd/conductor/mcp_host_config.go:77.50,80.3 2 0
conductor-kit/cmd/conductor/mcp_host_config.go:81.2,82.16 2 0
conductor-kit/cmd/conductor/mcp_host_config.go:82.16,84.3 1 0
conductor-kit/cmd/conductor/mcp_host_config.go:85.2,85.38 1 0
conductor-kit/cmd/conductor/mcp_host_config.go:85.38,87.10 2 0
conductor-kit/cmd/conductor/mcp_host_config.go:87.10,89.4 1 0
conductor-kit/cmd/conductor/mcp_host_config.go:90.3,90.41 1 0
conductor-kit/cmd/conductor/mcp_host_config.go:90.41,91.30 1 0
conductor-kit/cmd/conductor/mcp_host_config.go:91.30,92.13 1 0
conductor-kit/cmd/conductor/mcp_host_config.go:94.4,99.36 6 0
conductor-kit/cmd/conductor/mcp_host_config.go:99.36,102.5 1 0
conductor-kit/cmd/conductor/mcp_host_config.go:105.2,105.12 1 0
conductor-kit/cmd/conductor/mcp_host_config.go:108.40,109.12 1 0
conductor-kit/cmd/conductor/mcp_host_config.go:109.12,110.38 1 0
conductor-kit/cmd/conductor/mcp_host_config.go:110.38,112.4 1 0
conductor-kit/cmd/conductor/mcp_host_config.go:113.3,113.13 1 0
conductor-kit/cmd/conductor/mcp_host_config.go:115.2,115.50 1 0
conductor-kit/cmd/conductor/mcp_host_config.go:115.50,117.3 1 0
conductor-kit/cmd/conductor/mcp_host_config.go:118.2,118.37 1 0
conductor-kit/cmd/conductor/mcp_host_config.go:118.37,122.35 4 0
conductor-kit/cmd/conductor/mcp_host_config.go:122.35,124.4 1 0
conductor-kit/cmd/conductor/mcp_host_config.go:126.2,126.12 1 0
conductor-kit/cmd/conductor/mcp_runtime.go:32.59,36.2 3 0
conductor-kit/cmd/conductor/mcp_runtime.go:38.29,42.19 4 1
conductor-kit/cmd/conductor/mcp_runtime.go:42.19,44.3 1 1
conductor-kit/cmd/conductor/mcp_runtime.go:45.2,45.34 1 0
conductor-kit/cmd/conductor/mcp_runtime.go:48.68,49.20 1 0
conductor-kit/cmd/conductor/mcp_runtime.go:49.20,51.3 1 0
conductor-kit/cmd/conductor/mcp_runtime.go:52.2,55.39 4 0
conductor-kit/cmd/conductor/mcp_runtime.go:55.39,57.3 1 0
conductor-kit/cmd/conductor/mcp_runtime.go:58.2,64.30 6 0
conductor-kit/cmd/conductor/mcp_runtime.go:64.30,66.3 1 0
conductor-kit/cmd/conductor/mcp_runtime.go:67.2,68.31 2 0
conductor-kit/cmd/conductor/mcp_runtime.go:68.31,70.3 1 0
conductor-kit/cmd/conductor/mcp_runtime.go:71.2,72.33 2 0
conductor-kit/cmd/conductor/mcp_runtime.go:72.33,74.3 1 0
conductor-kit/cmd/conductor/mcp_runtime.go:76.2,87.3 1 0
conductor-kit/cmd/conductor/mcp_runtime.go:90.118,91.47 1 0
conductor-kit/cmd/conductor/mcp_runtime.go:91.47,93.3 1 0
conductor-kit/cmd/conductor/mcp_runtime.go:94.2,96.16 3 0
conductor-kit/cmd/conductor/mcp_runtime.go:96.16,98.3 1 0
conductor-kit/cmd/conductor/mcp_runtime.go:99.2,107.8 1 0
conductor-kit/cmd/conductor/mcp_runtime.go:134.49,136.24 2 1
conductor-kit/cmd/conductor/mcp_runtime.go:136.24,138.3 1 0
conductor-kit/cmd/conductor/mcp_runtime.go:139.2,139.32 1 1
conductor-kit/cmd/conductor/mcp_runtime.go:139.32,141.3 1 0
conductor-kit/cmd/conductor/mcp_runtime.go:142.2,142.10 1 1
conductor-kit/cmd/conductor/mcp_runtime.go:145.60,148.16 3 1
conductor-kit/cmd/conductor/mcp_runtime.go:148.16,150.3 1 0
conductor-kit/cmd/conductor/mcp_runtime.go:151.2,156.107 4 1
conductor-kit/cmd/conductor/mcp_runtime.go:156.107,157.34 1 0
conductor-kit/cmd/conductor/mcp_runtime.go:157.34,159.4 1 0
conductor-kit/cmd/conductor/mcp_runtime.go:160.3,161.19 2 0
conductor-kit/cmd/conductor/mcp_runtime.go:164.2,164.23 1 1
conductor-kit/cmd/conductor/mcp_runtime.go:164.23,175.3 3 1
conductor-kit/cmd/conductor/mcp_runtime.go:177.2,177.24 1 1
conductor-kit/cmd/conductor/mcp_runtime.go:180.36,185.2 4 1
conductor-kit/cmd/conductor/mcp_runtime.go:187.45,189.31 2 1
conductor-kit/cmd/conductor/mcp_runtime.go:189.31,192.3 2 1
conductor-kit/cmd/conductor/mcp_runtime.go:193.2,193.21 1 1
conductor-kit/cmd/conductor/mcp_runtime.go:196.44,201.2 4 0
conductor-kit/cmd/conductor/mcp_runtime.go:203.71,220.2 3 1
conductor-kit/cmd/conductor/mcp_runtime.go:222.100,223.50 1 0
conductor-kit/cmd/conductor/mcp_runtime.go:223.50,225.3 1 0
conductor-kit/cmd/conductor/mcp_runtime.go:226.2,227.16 2 0
conductor-kit/cmd/conductor/mcp_runtime.go:227.16,229.3 1 0
conductor-kit/cmd/conductor/mcp_runtime.go:230.2,230.47 1 0
conductor-kit/cmd/conductor/mcp_runtime.go:230.47,242.3 1 0
conductor-kit/cmd/conductor/mcp_runtime.go:243.2,243.37 1 0
conductor-kit/cmd/conductor/mcp_runtime.go:246.118,248.6 2 0
conductor-kit/cmd/conductor/mcp_runtime.go:248.6,250.17 2 0
conductor-kit/cmd/conductor/mcp_runtime.go:250.17,252.4 1 0
conductor-kit/cmd/conductor/mcp_runtime.go:253.3,254.81 2 0
conductor-kit/cmd/conductor/mcp_runtime.go:254.81,256.4 1 0
conductor-kit/cmd/conductor/mcp_runtime.go:257.3,257.33 1 0
conductor-kit/cmd/conductor/mcp_runtime.go:257.33,259.4 1 0
conductor-kit/cmd/conductor/mcp_runtime.go:260.3,260.37 1 0
conductor-kit/cmd/conductor/mcp_runtime.go:264.82,266.16 2 1
conductor-kit/cmd/conductor/mcp_runtime.go:266.16,268.3 1 0
conductor-kit/cmd/conductor/mcp_runtime.go:269.2,279.22 4 1
conductor-kit/cmd/conductor/mcp_runtime.go:279.22,281.3 1 1
conductor-kit/cmd/conductor/mcp_runtime.go:282.2,288.8 2 1
conductor-kit/cmd/conductor/mcp_runtime.go:291.75,293.16 2 1
conductor-kit/cmd/conductor/mcp_runtime.go:293.16,295.3 1 0
conductor-kit/cmd/conductor/mcp_runtime.go:296.2,298.16 3 1
conductor-kit/cmd/conductor/mcp_runtime.go:298.16,300.3 1 0
conductor-kit/cmd/conductor/mcp_runtime.go:301.2,302.32 2 1
conductor-kit/cmd/conductor/mcp_runtime.go:302.32,313.23 4 1
conductor-kit/cmd/conductor/mcp_runtime.go:313.23,315.4 1 1
conductor-kit/cmd/conductor/mcp_runtime.go:316.3,323.5 2 1
conductor-kit/cmd/conductor/mcp_runtime.go:325.2,329.8 1 1
conductor-kit/cmd/conductor/mcp_runtime.go:332.42,338.2 5 1
conductor-kit/cmd/conductor/mcp_runtime.go:340.57,341.19 1 1
conductor-kit/cmd/conductor/mcp_runtime.go:341.19,343.3 1 0
conductor-kit/cmd/conductor/mcp_runtime.go:344.2,344.22 1 1
conductor-kit/cmd/conductor/mcp_runtime.go:344.22,347.3 2 1
conductor-kit/cmd/conductor/mcp_runtime.go:348.2,348.27 1 1
conductor-kit/cmd/conductor/mcp_runtime.go:348.27,350.3 1 1
conductor-kit/cmd/conductor/mcp_runtime.go:351.2,352.34 2 0
conductor-kit/cmd/conductor/mcp_runtime.go:353.24,354.44 1 0
conductor-kit/cmd/conductor/mcp_runtime.go:354.44,356.4 1 0
conductor-kit/cmd/conductor/mcp_runtime.go:357.24,358.44 1 0
conductor-kit/cmd/conductor/mcp_runtime.go:358.44,360.4 1 0
conductor-kit/cmd/conductor/mcp_runtime.go:361.3,361.30 1 0
conductor-kit/cmd/conductor/mcp_runtime.go:361.30,363.4 1 0
conductor-kit/cmd/conductor/mcp_runtime.go:365.2,366.16 2 0
conductor-kit/cmd/conductor/mcp_runtime.go:369.59,370.23 1 0
conductor-kit/cmd/conductor/mcp_runtime.go:370.23,372.3 1 0
conductor-kit/cmd/conductor/mcp_runtime.go:373.2,373.31 1 0
conductor-kit/cmd/conductor/mcp_runtime.go:373.31,378.3 4 0
conductor-kit/cmd/conductor/mcp_runtime.go:379.2,380.13 2 0
conductor-kit/cmd/conductor/mcp_runtime.go:383.46,384.25 1 0
conductor-kit/cmd/conductor/mcp_runtime.go:384.25,386.3 1 0
conductor-kit/cmd/conductor/mcp_runtime.go:387.2,387.34 1 0
conductor-kit/cmd/conductor/mcp_runtime.go:387.34,390.3 2 0
conductor-kit/cmd/conductor/mcp_runtime.go:391.2,391.13 1 0
conductor-kit/cmd/conductor/mcp_runtime.go:394.46,397.31 3 1
conductor-kit/cmd/conductor/mcp_runtime.go:397.31,398.61 1 1
conductor-kit/cmd/conductor/mcp_runtime.go:398.61,401.9 3 1
conductor-kit/cmd/conductor/mcp_runtime.go:404.2,405.13 2 1
conductor-kit/cmd/conductor/mcp_runtime.go:405.13,407.3 1 1
conductor-kit/cmd/conductor/mcp_runtime.go:408.2,408.16 1 1
conductor-kit/cmd/conductor/mcp_runtime.go:411.45,414.31 3 0
conductor-kit/cmd/conductor/mcp_runtime.go:414.31,415.23 1 0
conductor-kit/cmd/conductor/mcp_runtime.go:415.23,421.9 6 0
conductor-kit/cmd/conductor/mcp_runtime.go:424.2,425.13 2 0
conductor-kit/cmd/conductor/mcp_runtime.go:425.13,427.3 1 0
conductor-kit/cmd/conductor/mcp_runtime.go:428.2,428.16 1 0
conductor-kit/cmd/conductor/mcp_runtime.go:431.59,435.31 4 1
conductor-kit/cmd/conductor/mcp_runtime.go:435.31,436.23 1 1
conductor-kit/cmd/conductor/mcp_runtime.go:436.23,443.15 7 1
conductor-kit/cmd/conductor/mcp_runtime.go:443.15,445.5 1 1
conductor-kit/cmd/conductor/mcp_runtime.go:446.4,446.21 1 1
conductor-kit/cmd/conductor/mcp_runtime.go:449.2,449.35 1 0
conductor-kit/cmd/conductor/mcp_runtime.go:449.35,451.3 1 0
conductor-kit/cmd/conductor/mcp_runtime.go:452.2,453.19 2 0
conductor-kit/cmd/conductor/mcp_runtime.go:453.19,455.47 2 0
conductor-kit/cmd/conductor/mcp_runtime.go:455.47,457.4 1 0
conductor-kit/cmd/conductor/mcp_runtime.go:458.3,458.21 1 0
conductor-kit/cmd/conductor/mcp_runtime.go:460.2,460.20 1 0
conductor-kit/cmd/conductor/mcp_runtime.go:463.50,465.31 2 1
conductor-kit/cmd/conductor/mcp_runtime.go:465.31,466.28 1 0
conductor-kit/cmd/conductor/mcp_runtime.go:466.28,468.4 1 0
conductor-kit/cmd/conductor/mcp_runtime.go:470.2,470.14 1 1
conductor-kit/cmd/conductor/mcp_runtime.go:473.75,476.31 3 0
conductor-kit/cmd/conductor/mcp_runtime.go:476.31,477.23 1 0
conductor-kit/cmd/conductor/mcp_runtime.go:477.23,479.4 1 0
conductor-kit/cmd/conductor/mcp_runtime.go:481.2,481.19 1 0
conductor-kit/cmd/conductor/mcp_runtime.go:484.79,488.31 4 1
conductor-kit/cmd/conductor/mcp_runtime.go:488.31,489.44 1 1
conductor-kit/cmd/conductor/mcp_runtime.go:489.44,491.4 1 1
conductor-kit/cmd/conductor/mcp_runtime.go:493.2,493.33 1 1
conductor-kit/cmd/conductor/mcp_runtime.go:493.33,494.67 1 0
conductor-kit/cmd/conductor/mcp_runtime.go:494.67,496.4 1 0
conductor-kit/cmd/conductor/mcp_runtime.go:498.2,498.45 1 1
conductor-kit/cmd/conductor/mcp_runtime.go:498.45,500.44 2 0
conductor-kit/cmd/conductor/mcp_runtime.go:500.44,502.4 1 0
conductor-kit/cmd/conductor/mcp_runtime.go:503.3,503.37 1 0
conductor-kit/cmd/conductor/mcp_runtime.go:503.37,504.9 1 0
conductor-kit/cmd/conductor/mcp_runtime.go:507.2,507.12 1 1
conductor-kit/cmd/conductor/mcp_runtime.go:510.35,513.6 3 1
conductor-kit/cmd/conductor/mcp_runtime.go:513.6,514.10 1 1
conductor-kit/cmd/conductor/mcp_runtime.go:515.23,516.10 1 1
conductor-kit/cmd/conductor/mcp_runtime.go:517.19,518.12 1 1
conductor-kit/cmd/conductor/mcp_runtime.go:523.26,525.6 2 1
conductor-kit/cmd/conductor/mcp_runtime.go:525.6,527.42 2 1
conductor-kit/cmd/conductor/mcp_runtime.go:527.42,530.4 2 0
conductor-kit/cmd/conductor/mcp_runtime.go:531.3,533.18 3 1
conductor-kit/cmd/conductor/mcp_runtime.go:533.18,535.4 1 1
conductor-kit/cmd/conductor/mcp_runtime.go:536.3,539.17 4 0
conductor-kit/cmd/conductor/mcp_runtime.go:539.17,545.4 5 0
conductor-kit/cmd/conductor/mcp_runtime.go:545.9,550.4 4 0
conductor-kit/cmd/conductor/mcp_runtime.go:551.3,552.14 2 0
conductor-kit/cmd/conductor/mcp_runtime.go:552.14,554.4 1 0
conductor-kit/cmd/conductor/mcp_runtime.go:558.33,561.28 3 1
conductor-kit/cmd/conductor/mcp_runtime.go:561.28,563.3 1 0
conductor-kit/cmd/conductor/mcp_runtime.go:564.2,565.25 2 1
conductor-kit/cmd/conductor/mcp_runtime.go:565.25,567.17 2 0
conductor-kit/cmd/conductor/mcp_runtime.go:567.17,568.12 1 0
conductor-kit/cmd/conductor/mcp_runtime.go:570.3,571.26 2 0
conductor-kit/cmd/conductor/mcp_runtime.go:571.26,572.12 1 0
conductor-kit/cmd/conductor/mcp_runtime.go:574.3,577.9 4 0
conductor-kit/cmd/conductor/mcp_runtime.go:577.9,580.47 3 0
conductor-kit/cmd/conductor/mcp_runtime.go:580.47,582.5 1 0
conductor-kit/cmd/conductor/mcp_runtime.go:583.4,583.50 1 0
conductor-kit/cmd/conductor/mcp_runtime.go:583.50,585.5 1 0
conductor-kit/cmd/conductor/mcp_runtime.go:586.4,588.18 3 0
conductor-kit/cmd/conductor/mcp_runtime.go:590.3,591.14 2 0
conductor-kit/cmd/conductor/mcp_runtime.go:591.14,593.4 1 0
conductor-kit/cmd/conductor/mcp_runtime.go:597.45,598.31 1 1
conductor-kit/cmd/conductor/mcp_runtime.go:598.31,599.30 1 0
conductor-kit/cmd/conductor/mcp_runtime.go:599.30,602.4 2 0
conductor-kit/cmd/conductor/mcp_runtime.go:604.2,604.12 1 1
conductor-kit/cmd/conductor/mcp_runtime.go:607.56,609.41 2 1
conductor-kit/cmd/conductor/mcp_runtime.go:609.41,611.3 1 0
conductor-kit/cmd/conductor/mcp_runtime.go:614.49,629.2 1 1
conductor-kit/cmd/conductor/mcp_runtime.go:631.37,632.16 1 1
conductor-kit/cmd/conductor/mcp_runtime.go:632.16,634.3 1 1
conductor-kit/cmd/conductor/mcp_runtime.go:635.2,635.31 1 0
conductor-kit/cmd/conductor/mcp_runtime.go:638.58,639.27 1 1
conductor-kit/cmd/conductor/mcp_runtime.go:639.27,641.3 1 1
conductor-kit/cmd/conductor/mcp_runtime.go:642.2,642.42 1 0
conductor-kit/cmd/conductor/mcp_runtime.go:642.42,643.38 1 0
conductor-kit/cmd/conductor/mcp_runtime.go:643.38,645.4 1 0
conductor-kit/cmd/conductor/mcp_runtime.go:647.2,647.44 1 0
conductor-kit/cmd/conductor/mcp_runtime.go:647.44,648.41 1 0
conductor-kit/cmd/conductor/mcp_runtime.go:648.41,650.4 1 0
conductor-kit/cmd/conductor/mcp_runtime.go:652.2,652.14 1 0
conductor-kit/cmd/conductor/mcp_runtime.go:655.60,656.20 1 1
conductor-kit/cmd/conductor/mcp_runtime.go:656.20,658.3 1 0
conductor-kit/cmd/conductor/mcp_runtime.go:659.2,668.23 2 1
conductor-kit/cmd/conductor/mcp_runtime.go:668.23,670.27 2 0
conductor-kit/cmd/conductor/mcp_runtime.go:670.27,672.4 1 0
conductor-kit/cmd/conductor/mcp_runtime.go:673.3,674.26 2 0
conductor-kit/cmd/conductor/mcp_runtime.go:674.26,676.4 1 0
conductor-kit/cmd/conductor/mcp_runtime.go:678.2,678.45 1 1
conductor-kit/cmd/conductor/mcp_runtime.go:681.36,684.2 2 1
conductor-kit/cmd/conductor/mcp_runtime.go:691.76,694.16 3 0
conductor-kit/cmd/conductor/mcp_runtime.go:694.16,696.3 1 0
conductor-kit/cmd/conductor/mcp_runtime.go:697.2,699.22 3 0
conductor-kit/cmd/conductor/mcp_runtime.go:699.22,701.3 1 0
conductor-kit/cmd/conductor/mcp_runtime.go:702.2,703.16 2 0
conductor-kit/cmd/conductor/mcp_runtime.go:703.16,705.3 1 0
conductor-kit/cmd/conductor/mcp_runtime.go:706.2,706.41 1 0
conductor-kit/cmd/conductor/mcp_runtime.go:706.41,708.3 1 0
conductor-kit/cmd/conductor/mcp_runtime.go:709.2,710.16 2 0
conductor-kit/cmd/conductor/mcp_runtime.go:710.16,712.3 1 0
conductor-kit/cmd/conductor/mcp_runtime.go:713.2,713.29 1 0
conductor-kit/cmd/conductor/mcp_runtime.go:713.29,715.3 1 0
conductor-kit/cmd/conductor/mcp_runtime.go:716.2,716.18 1 0
conductor-kit/cmd/conductor/mcp_runtime.go:719.80,721.23 2 1
conductor-kit/cmd/conductor/mcp_runtime.go:721.23,723.3 1 0
[...]
conductor-kit/cmd/conductor/tui_select.go:186.2,190.3 1 0
conductor-kit/cmd/conductor/tui_select.go:193.44,195.2 1 0
conductor-kit/cmd/conductor/tui_select.go:197.70,198.27 1 0
conductor-kit/cmd/conductor/tui_select.go:199.18,200.10 1 0
conductor-kit/cmd/conductor/tui_select.go:201.70,203.22 2 0
conductor-kit/cmd/conductor/tui_select.go:205.62,206.32 1 0
conductor-kit/cmd/conductor/tui_select.go:206.32,209.5 2 0
conductor-kit/cmd/conductor/tui_select.go:209.10,209.43 1 0
conductor-kit/cmd/conductor/tui_select.go:209.43,212.5 2 0
conductor-kit/cmd/conductor/tui_select.go:212.10,215.5 2 0
conductor-kit/cmd/conductor/tui_select.go:217.66,218.20 1 0
conductor-kit/cmd/conductor/tui_select.go:218.20,220.5 1 0
conductor-kit/cmd/conductor/tui_select.go:222.68,224.31 2 0
conductor-kit/cmd/conductor/tui_select.go:224.31,226.5 1 0
conductor-kit/cmd/conductor/tui_select.go:228.65,229.21 1 0
conductor-kit/cmd/conductor/tui_select.go:231.60,232.17 1 0
conductor-kit/cmd/conductor/tui_select.go:234.64,235.22 1 0
conductor-kit/cmd/conductor/tui_select.go:238.2,238.15 1 0
conductor-kit/cmd/conductor/tui_select.go:241.46,242.16 1 0
conductor-kit/cmd/conductor/tui_select.go:243.22,244.65 1 0
conductor-kit/cmd/conductor/tui_select.go:245.22,246.65 1 0
conductor-kit/cmd/conductor/tui_select.go:250.42,253.29 3 0
conductor-kit/cmd/conductor/tui_select.go:253.29,254.21 1 0
conductor-kit/cmd/conductor/tui_select.go:254.21,256.9 2 0
conductor-kit/cmd/conductor/tui_select.go:260.2,260.16 1 0
conductor-kit/cmd/conductor/tui_select.go:261.22,262.29 1 0
conductor-kit/cmd/conductor/tui_select.go:262.29,264.4 1 0
conductor-kit/cmd/conductor/tui_select.go:265.22,266.29 1 0
conductor-kit/cmd/conductor/tui_select.go:266.29,268.4 1 0
conductor-kit/cmd/conductor/tui_select.go:272.61,273.16 1 0
conductor-kit/cmd/conductor/tui_select.go:274.22,275.20 1 0
conductor-kit/cmd/conductor/tui_select.go:276.22,277.20 1 0
conductor-kit/cmd/conductor/tui_select.go:278.10,279.13 1 0
conductor-kit/cmd/conductor/tui_select.go:283.60,284.16 1 0
conductor-kit/cmd/conductor/tui_select.go:285.22,287.15 2 0
conductor-kit/cmd/conductor/tui_select.go:288.22,290.15 2 0
conductor-kit/cmd/conductor/tui_select.go:291.26,293.21 2 0
conductor-kit/cmd/conductor/tui_select.go:295.2,295.15 1 0
conductor-kit/cmd/conductor/tui_select.go:298.43,299.16 1 0
conductor-kit/cmd/conductor/tui_select.go:299.16,301.3 1 0
conductor-kit/cmd/conductor/tui_select.go:303.2,310.16 6 0
conductor-kit/cmd/conductor/tui_select.go:311.22,312.35 1 0
conductor-kit/cmd/conductor/tui_select.go:313.22,314.35 1 0
conductor-kit/cmd/conductor/tui_select.go:315.26,316.39 1 0
conductor-kit/cmd/conductor/tui_select.go:319.2,319.19 1 0
conductor-kit/cmd/conductor/tui_select.go:322.58,325.26 3 0
conductor-kit/cmd/conductor/tui_select.go:325.26,326.23 1 0
conductor-kit/cmd/conductor/tui_select.go:326.23,328.4 1 0
conductor-kit/cmd/conductor/tui_select.go:328.9,328.29 1 0
conductor-kit/cmd/conductor/tui_select.go:328.29,330.4 1 0
conductor-kit/cmd/conductor/tui_select.go:330.9,332.4 1 0
conductor-kit/cmd/conductor/tui_select.go:334.2,334.34 1 0
conductor-kit/cmd/conductor/tui_select.go:337.52,342.34 4 0
conductor-kit/cmd/conductor/tui_select.go:342.34,345.3 2 0
conductor-kit/cmd/conductor/tui_select.go:347.2,352.19 5 0
conductor-kit/cmd/conductor/tui_select.go:355.52,360.34 4 0
conductor-kit/cmd/conductor/tui_select.go:360.34,363.3 2 0
conductor-kit/cmd/conductor/tui_select.go:365.2,370.19 5 0
conductor-kit/cmd/conductor/tui_select.go:373.56,382.27 7 0
conductor-kit/cmd/conductor/tui_select.go:382.27,384.3 1 0
conductor-kit/cmd/conductor/tui_select.go:384.8,386.3 1 0
conductor-kit/cmd/conductor/tui_select.go:387.2,390.27 3 0
conductor-kit/cmd/conductor/tui_select.go:390.27,392.3 1 0
conductor-kit/cmd/conductor/tui_select.go:392.8,394.3 1 0
conductor-kit/cmd/conductor/tui_select.go:395.2,399.19 3 0
conductor-kit/cmd/conductor/tui_select.go:402.77,404.21 2 0
conductor-kit/cmd/conductor/tui_select.go:404.21,406.3 1 0
conductor-kit/cmd/conductor/tui_select.go:408.2,409.19 2 0
conductor-kit/cmd/conductor/tui_select.go:409.19,411.3 1 0
conductor-kit/cmd/conductor/tui_select.go:413.2,416.21 3 0
conductor-kit/cmd/conductor/tui_select.go:416.21,418.3 1 0
conductor-kit/cmd/conductor/tui_select.go:419.2,419.31 1 0
conductor-kit/cmd/conductor/tui_select.go:422.75,424.20 2 0
conductor-kit/cmd/conductor/tui_select.go:424.20,426.3 1 0
conductor-kit/cmd/conductor/tui_select.go:427.2,427.86 1 0
conductor-kit/cmd/conductor/tui_select.go:430.79,432.29 2 0
conductor-kit/cmd/conductor/tui_select.go:432.29,433.20 1 0
conductor-kit/cmd/conductor/tui_select.go:433.20,435.4 1 0
conductor-kit/cmd/conductor/tui_select.go:437.2,437.14 1 0
conductor-kit/cmd/conductor/tui_select.go:440.69,441.16 1 0
conductor-kit/cmd/conductor/tui_select.go:441.16,443.3 1 0
conductor-kit/cmd/conductor/tui_select.go:444.2,444.76 1 0
conductor-kit/cmd/conductor/tui_select.go:444.76,446.3 1 0
conductor-kit/cmd/conductor/tui_select.go:447.2,447.75 1 0
conductor-kit/cmd/conductor/tui_select.go:455.53,460.16 4 0
conductor-kit/cmd/conductor/tui_select.go:460.16,466.3 2 0
conductor-kit/cmd/conductor/tui_select.go:468.2,469.21 2 0
conductor-kit/cmd/conductor/tui_select.go:469.21,471.3 1 0
conductor-kit/cmd/conductor/tui_select.go:473.2,474.39 2 0
conductor-kit/cmd/conductor/tui_select.go:474.39,475.20 1 0
conductor-kit/cmd/conductor/tui_select.go:475.20,477.4 1 0
conductor-kit/cmd/conductor/tui_select.go:480.2,481.39 2 0
conductor-kit/cmd/conductor/tui_select.go:481.39,482.20 1 0
conductor-kit/cmd/conductor/tui_select.go:482.20,484.4 1 0
conductor-kit/cmd/conductor/tui_select.go:487.2,487.50 1 0
conductor-kit/cmd/conductor/tui_select.go:490.43,493.2 2 0
conductor-kit/cmd/conductor/tui_select.go:495.46,497.2 1 0
conductor-kit/cmd/conductor/tui_settings.go:45.68,57.2 5 0
conductor-kit/cmd/conductor/tui_settings.go:59.39,61.2 1 0
conductor-kit/cmd/conductor/tui_settings.go:63.65,64.31 1 0
conductor-kit/cmd/conductor/tui_settings.go:64.31,66.3 1 0
conductor-kit/cmd/conductor/tui_settings.go:68.2,68.27 1 0
conductor-kit/cmd/conductor/tui_settings.go:69.18,70.17 1 0
conductor-kit/cmd/conductor/tui_settings.go:71.38,72.33 1 0
conductor-kit/cmd/conductor/tui_settings.go:73.11,74.33 1 0
conductor-kit/cmd/conductor/tui_settings.go:78.2,78.57 1 0
conductor-kit/cmd/conductor/tui_settings.go:78.57,82.3 3 0
conductor-kit/cmd/conductor/tui_settings.go:84.2,84.15 1 0
conductor-kit/cmd/conductor/tui_settings.go:87.77,88.9 1 0
conductor-kit/cmd/conductor/tui_settings.go:89.64,91.21 2 0
conductor-kit/cmd/conductor/tui_settings.go:93.61,94.30 1 0
conductor-kit/cmd/conductor/tui_settings.go:94.30,96.4 1 0
conductor-kit/cmd/conductor/tui_settings.go:96.9,98.4 1 0
conductor-kit/cmd/conductor/tui_settings.go:99.3,99.16 1 0
conductor-kit/cmd/conductor/tui_settings.go:101.63,103.18 2 0
conductor-kit/cmd/conductor/tui_settings.go:103.18,105.4 1 0
conductor-kit/cmd/conductor/tui_settings.go:106.3,106.30 1 0
conductor-kit/cmd/conductor/tui_settings.go:106.30,110.4 3 0
conductor-kit/cmd/conductor/tui_settings.go:110.9,112.32 2 0
conductor-kit/cmd/conductor/tui_settings.go:112.32,114.5 1 0
conductor-kit/cmd/conductor/tui_settings.go:114.10,116.5 1 0
conductor-kit/cmd/conductor/tui_settings.go:118.3,119.16 2 0
conductor-kit/cmd/conductor/tui_settings.go:122.2,124.15 3 0
conductor-kit/cmd/conductor/tui_settings.go:127.77,128.9 1 0
conductor-kit/cmd/conductor/tui_settings.go:129.69,131.21 2 0
conductor-kit/cmd/conductor/tui_settings.go:133.61,134.17 1 0
conductor-kit/cmd/conductor/tui_settings.go:135.23,137.22 2 0
conductor-kit/cmd/conductor/tui_settings.go:138.22,139.27 1 0
conductor-kit/cmd/conductor/tui_settings.go:140.24,141.26 1 0
conductor-kit/cmd/conductor/tui_settings.go:142.28,143.28 1 0
conductor-kit/cmd/conductor/tui_settings.go:144.23,145.27 1 0
conductor-kit/cmd/conductor/tui_settings.go:146.20,147.32 1 0
conductor-kit/cmd/conductor/tui_settings.go:147.32,149.5 1 0
conductor-kit/cmd/conductor/tui_settings.go:149.10,151.5 1 0
conductor-kit/cmd/conductor/tui_settings.go:153.3,154.16 2 0
conductor-kit/cmd/conductor/tui_settings.go:156.65,157.19 1 0
conductor-kit/cmd/conductor/tui_settings.go:157.19,159.4 1 0
conductor-kit/cmd/conductor/tui_settings.go:161.67,163.32 2 0
conductor-kit/cmd/conductor/tui_settings.go:163.32,165.4 1 0
conductor-kit/cmd/conductor/tui_settings.go:167.63,168.26 1 0
conductor-kit/cmd/conductor/tui_settings.go:171.2,171.15 1 0
conductor-kit/cmd/conductor/tui_settings.go:174.60,176.51 2 0
conductor-kit/cmd/conductor/tui_settings.go:176.51,178.3 1 0
conductor-kit/cmd/conductor/tui_settings.go:180.2,180.30 1 0
conductor-kit/cmd/conductor/tui_settings.go:180.30,182.3 1 0
conductor-kit/cmd/conductor/tui_settings.go:183.2,185.16 2 0
conductor-kit/cmd/conductor/tui_settings.go:186.22,187.29 1 0
conductor-kit/cmd/conductor/tui_settings.go:187.29,191.4 3 0
conductor-kit/cmd/conductor/tui_settings.go:191.9,191.39 1 0
conductor-kit/cmd/conductor/tui_settings.go:191.39,195.4 3 0
conductor-kit/cmd/conductor/tui_settings.go:195.9,199.4 3 0
conductor-kit/cmd/conductor/tui_settings.go:201.21,202.33 1 0
conductor-kit/cmd/conductor/tui_settings.go:202.33,206.4 3 0
conductor-kit/cmd/conductor/tui_settings.go:206.9,211.4 4 0
conductor-kit/cmd/conductor/tui_settings.go:213.23,214.33 1 0
conductor-kit/cmd/conductor/tui_settings.go:214.33,218.4 3 0
conductor-kit/cmd/conductor/tui_settings.go:218.9,220.32 2 0
conductor-kit/cmd/conductor/tui_settings.go:220.32,222.5 1 0
conductor-kit/cmd/conductor/tui_settings.go:222.10,224.5 1 0
conductor-kit/cmd/conductor/tui_settings.go:227.27,228.31 1 0
conductor-kit/cmd/conductor/tui_settings.go:228.31,230.4 1 0
conductor-kit/cmd/conductor/tui_settings.go:231.3,231.23 1 0
conductor-kit/cmd/conductor/tui_settings.go:233.22,234.33 1 0
conductor-kit/cmd/conductor/tui_settings.go:234.33,237.4 2 0
conductor-kit/cmd/conductor/tui_settings.go:238.3,238.42 1 0
conductor-kit/cmd/conductor/tui_settings.go:238.42,242.4 3 0
conductor-kit/cmd/conductor/tui_settings.go:243.3,244.58 2 0
conductor-kit/cmd/conductor/tui_settings.go:244.58,246.4 1 0
conductor-kit/cmd/conductor/tui_settings.go:246.9,248.4 1 0
conductor-kit/cmd/conductor/tui_settings.go:249.3,251.26 3 0
conductor-kit/cmd/conductor/tui_settings.go:253.19,254.25 1 0
conductor-kit/cmd/conductor/tui_settings.go:254.25,255.26 1 0
conductor-kit/cmd/conductor/tui_settings.go:255.26,257.5 1 0
conductor-kit/cmd/conductor/tui_settings.go:258.4,259.59 2 0
conductor-kit/cmd/conductor/tui_settings.go:259.59,261.5 1 0
conductor-kit/cmd/conductor/tui_settings.go:261.10,264.5 2 0
conductor-kit/cmd/conductor/tui_settings.go:265.4,265.22 1 0
conductor-kit/cmd/conductor/tui_settings.go:266.9,266.35 1 0
conductor-kit/cmd/conductor/tui_settings.go:266.35,267.26 1 0
conductor-kit/cmd/conductor/tui_settings.go:267.26,269.5 1 0
conductor-kit/cmd/conductor/tui_settings.go:270.4,274.28 5 0
conductor-kit/cmd/conductor/tui_settings.go:275.9,278.4 2 0
conductor-kit/cmd/conductor/tui_settings.go:281.2,282.15 2 0
conductor-kit/cmd/conductor/tui_settings.go:285.59,286.25 1 0
conductor-kit/cmd/conductor/tui_settings.go:286.25,290.3 3 0
conductor-kit/cmd/conductor/tui_settings.go:291.2,291.58 1 0
conductor-kit/cmd/conductor/tui_settings.go:291.58,293.28 2 0
conductor-kit/cmd/conductor/tui_settings.go:293.28,295.33 2 0
conductor-kit/cmd/conductor/tui_settings.go:295.33,296.33 1 0
conductor-kit/cmd/conductor/tui_settings.go:296.33,298.11 2 0
conductor-kit/cmd/conductor/tui_settings.go:301.4,301.14 1 0
conductor-kit/cmd/conductor/tui_settings.go:301.14,303.5 1 0
conductor-kit/cmd/conductor/tui_settings.go:305.3,306.32 2 0
conductor-kit/cmd/conductor/tui_settings.go:306.32,308.4 1 0
conductor-kit/cmd/conductor/tui_settings.go:309.3,311.27 3 0
conductor-kit/cmd/conductor/tui_settings.go:313.2,313.10 1 0
conductor-kit/cmd/conductor/tui_settings.go:316.49,317.16 1 0
conductor-kit/cmd/conductor/tui_settings.go:318.22,320.33 2 0
conductor-kit/cmd/conductor/tui_settings.go:320.33,322.4 1 0
conductor-kit/cmd/conductor/tui_settings.go:323.3,325.30 3 0
conductor-kit/cmd/conductor/tui_settings.go:325.30,327.4 1 0
conductor-kit/cmd/conductor/tui_settings.go:328.3,329.21 2 0
conductor-kit/cmd/conductor/tui_settings.go:329.21,331.4 1 0
conductor-kit/cmd/conductor/tui_settings.go:332.3,332.17 1 0
conductor-kit/cmd/conductor/tui_settings.go:334.21,340.4 1 0
conductor-kit/cmd/conductor/tui_settings.go:342.23,344.33 2 0
conductor-kit/cmd/conductor/tui_settings.go:346.27,353.4 1 0
conductor-kit/cmd/conductor/tui_settings.go:355.22,357.33 2 0
conductor-kit/cmd/conductor/tui_settings.go:357.33,359.4 1 0
conductor-kit/cmd/conductor/tui_settings.go:360.3,362.30 3 0
conductor-kit/cmd/conductor/tui_settings.go:362.30,364.4 1 0
conductor-kit/cmd/conductor/tui_settings.go:365.3,366.17 2 0
conductor-kit/cmd/conductor/tui_settings.go:368.19,373.4 1 0
conductor-kit/cmd/conductor/tui_settings.go:375.2,375.12 1 0
conductor-kit/cmd/conductor/tui_settings.go:378.38,379.27 1 0
conductor-kit/cmd/conductor/tui_settings.go:379.27,380.22 1 0
conductor-kit/cmd/conductor/tui_settings.go:380.22,382.4 1 0
conductor-kit/cmd/conductor/tui_settings.go:383.3,383.12 1 0
conductor-kit/cmd/conductor/tui_settings.go:386.2,393.57 6 0
conductor-kit/cmd/conductor/tui_settings.go:393.57,395.3 1 0
conductor-kit/cmd/conductor/tui_settings.go:397.2,397.31 1 0
conductor-kit/cmd/conductor/tui_settings.go:400.68,402.29 2 0
conductor-kit/cmd/conductor/tui_settings.go:402.29,404.3 1 0
conductor-kit/cmd/conductor/tui_settings.go:404.8,406.3 1 0
conductor-kit/cmd/conductor/tui_settings.go:408.2,412.20 4 0
conductor-kit/cmd/conductor/tui_settings.go:415.68,418.21 3 0
conductor-kit/cmd/conductor/tui_settings.go:418.21,420.3 1 0
conductor-kit/cmd/conductor/tui_settings.go:422.2,422.22 1 0
conductor-kit/cmd/conductor/tui_settings.go:422.22,424.26 2 0
conductor-kit/cmd/conductor/tui_settings.go:424.26,426.4 1 0
conductor-kit/cmd/conductor/tui_settings.go:427.3,427.28 1 0
conductor-kit/cmd/conductor/tui_settings.go:427.28,429.4 1 0
conductor-kit/cmd/conductor/tui_settings.go:430.3,430.32 1 0
conductor-kit/cmd/conductor/tui_settings.go:433.2,434.30 2 0
conductor-kit/cmd/conductor/tui_settings.go:434.30,437.20 3 0
conductor-kit/cmd/conductor/tui_settings.go:437.20,440.4 2 0
conductor-kit/cmd/conductor/tui_settings.go:442.3,443.30 2 0
conductor-kit/cmd/conductor/tui_settings.go:446.2,449.20 3 0
conductor-kit/cmd/conductor/tui_settings.go:452.46,453.16 1 0
conductor-kit/cmd/conductor/tui_settings.go:454.22,455.23 1 0
conductor-kit/cmd/conductor/tui_settings.go:456.21,457.22 1 0
conductor-kit/cmd/conductor/tui_settings.go:458.23,459.24 1 0
conductor-kit/cmd/conductor/tui_settings.go:460.27,461.28 1 0
conductor-kit/cmd/conductor/tui_settings.go:462.22,463.23 1 0
conductor-kit/cmd/conductor/tui_settings.go:464.19,465.27 1 0
conductor-kit/cmd/conductor/tui_settings.go:466.10,467.12 1 0
conductor-kit/cmd/conductor/tui_settings.go:471.62,476.16 4 0
conductor-kit/cmd/conductor/tui_settings.go:476.16,479.3 2 0
conductor-kit/cmd/conductor/tui_settings.go:481.2,482.18 2 0
conductor-kit/cmd/conductor/tui_settings.go:482.18,485.3 2 0
conductor-kit/cmd/conductor/tui_settings.go:486.2,486.10 1 0
conductor-kit/cmd/conductor/tui_styles.go:84.45,85.16 1 0
conductor-kit/cmd/conductor/tui_styles.go:86.21,87.16 1 0
conductor-kit/cmd/conductor/tui_styles.go:88.25,89.18 1 0
conductor-kit/cmd/conductor/tui_styles.go:90.28,91.19 1 0
conductor-kit/cmd/conductor/tui_styles.go:92.17,93.21 1 0
conductor-kit/cmd/conductor/tui_styles.go:94.10,95.21 1 0
conductor-kit/cmd/conductor/tui_styles.go:99.38,101.29 2 0
conductor-kit/cmd/conductor/tui_styles.go:101.29,103.3 1 0
conductor-kit/cmd/conductor/tui_styles.go:104.2,104.34 1 0
conductor-kit/cmd/conductor/uninstall.go:19.38,34.39 14 0
conductor-kit/cmd/conductor/uninstall.go:34.39,37.3 2 0
conductor-kit/cmd/conductor/uninstall.go:38.2,38.34 1 0
conductor-kit/cmd/conductor/uninstall.go:38.34,41.3 2 0
conductor-kit/cmd/conductor/uninstall.go:43.2,45.14 2 0
conductor-kit/cmd/conductor/uninstall.go:45.14,51.3 5 0
conductor-kit/cmd/conductor/uninstall.go:53.2,67.28 4 0
conductor-kit/cmd/conductor/uninstall.go:67.28,68.19 1 0
conductor-kit/cmd/conductor/uninstall.go:68.19,71.4 2 0
conductor-kit/cmd/conductor/uninstall.go:72.3,72.21 1 0
conductor-kit/cmd/conductor/uninstall.go:72.21,74.47 2 0
conductor-kit/cmd/conductor/uninstall.go:74.47,76.5 1 0
conductor-kit/cmd/conductor/uninstall.go:80.2,80.14 1 0
conductor-kit/cmd/conductor/uninstall.go:80.14,81.46 1 0
conductor-kit/cmd/conductor/uninstall.go:81.46,83.4 1 0
conductor-kit/cmd/conductor/uninstall.go:86.2,86.16 1 0
conductor-kit/cmd/conductor/uninstall.go:86.16,89.15 2 0
conductor-kit/cmd/conductor/uninstall.go:89.15,92.4 2 0
conductor-kit/cmd/conductor/uninstall.go:93.3,94.64 2 0
conductor-kit/cmd/conductor/uninstall.go:94.64,97.4 2 0
conductor-kit/cmd/conductor/uninstall.go:98.3,98.63 1 0
conductor-kit/cmd/conductor/uninstall.go:98.63,101.4 2 0
conductor-kit/cmd/conductor/uninstall.go:102.3,102.49 1 0
conductor-kit/cmd/conductor/uninstall.go:102.49,105.4 2 0
conductor-kit/cmd/conductor/uninstall.go:108.3,108.39 1 0
conductor-kit/cmd/conductor/uninstall.go:111.2,112.10 2 0
conductor-kit/cmd/conductor/uninstall.go:115.29,124.2 1 1
conductor-kit/cmd/conductor/uninstall.go:126.43,127.23 1 1
conductor-kit/cmd/conductor/uninstall.go:127.23,129.3 1 1
conductor-kit/cmd/conductor/uninstall.go:130.2,130.12 1 1
conductor-kit/cmd/conductor/uninstall.go:130.12,133.3 2 1
conductor-kit/cmd/conductor/uninstall.go:134.2,134.24 1 1
conductor-kit/cmd/conductor/uninstall.go:137.49,139.16 2 1
conductor-kit/cmd/conductor/uninstall.go:139.16,141.3 1 1
conductor-kit/cmd/conductor/uninstall.go:142.2,142.47 1 1
conductor-kit/cmd/conductor/uninstall.go:142.47,144.3 1 1
conductor-kit/cmd/conductor/uninstall.go:145.2,145.12 1 1
conductor-kit/cmd/conductor/uninstall.go:145.12,148.3 2 1
conductor-kit/cmd/conductor/uninstall.go:149.2,149.21 1 1
conductor-kit/cmd/conductor/uninstall.go:152.45,154.16 2 1
conductor-kit/cmd/conductor/uninstall.go:154.16,156.3 1 1
conductor-kit/cmd/conductor/uninstall.go:157.2,157.22 1 1
conductor-kit/cmd/conductor/uninstall.go:157.22,159.3 1 1
conductor-kit/cmd/conductor/uninstall.go:160.2,160.12 1 1
conductor-kit/cmd/conductor/uninstall.go:160.12,163.3 2 1
conductor-kit/cmd/conductor/uninstall.go:164.2,164.20 1 1
conductor-kit/cmd/conductor/util.go:11.42,12.38 1 1
conductor-kit/cmd/conductor/util.go:12.38,14.3 1 1
conductor-kit/cmd/conductor/util.go:15.2,15.17 1 1
conductor-kit/cmd/conductor/util.go:18.48,19.20 1 1
conductor-kit/cmd/conductor/util.go:19.20,21.3 1 1
conductor-kit/cmd/conductor/util.go:22.2,22.53 1 1
conductor-kit/cmd/conductor/util.go:22.53,24.3 1 1
conductor-kit/cmd/conductor/util.go:25.2,26.16 2 0
conductor-kit/cmd/conductor/util.go:26.16,28.24 2 0
conductor-kit/cmd/conductor/util.go:28.24,30.4 1 0
conductor-kit/cmd/conductor/util.go:32.2,32.77 1 0
conductor-kit/cmd/conductor/util.go:35.32,38.2 2 1
conductor-kit/cmd/conductor/util.go:40.37,43.26 3 1
conductor-kit/cmd/conductor/util.go:43.26,45.14 2 1
conductor-kit/cmd/conductor/util.go:45.14,47.4 1 1
conductor-kit/cmd/conductor/util.go:49.2,49.12 1 1
conductor-kit/cmd/conductor/util.go:52.37,53.16 1 1
conductor-kit/cmd/conductor/util.go:53.16,55.3 1 1
conductor-kit/cmd/conductor/util.go:56.2,56.34 1 1
conductor-kit/cmd/conductor/util.go:56.34,58.3 1 1
conductor-kit/cmd/conductor/util.go:59.2,59.13 1 1
conductor-kit/cmd/conductor/util.go:62.35,63.56 1 1
conductor-kit/cmd/conductor/util.go:63.56,65.3 1 1
conductor-kit/cmd/conductor/util.go:66.2,67.15 2 1
conductor-kit/cmd/conductor/util.go:67.15,69.3 1 0
conductor-kit/cmd/conductor/util.go:70.2,70.39 1 1
conductor-kit/cmd/conductor/util.go:73.48,76.2 2 0
conductor-kit/cmd/conductor/util.go:78.37,80.16 2 0
conductor-kit/cmd/conductor/util.go:80.16,82.3 1 0
conductor-kit/cmd/conductor/util.go:83.2,83.43 1 0
conductor-kit/cmd/conductor/util.go:86.37,100.2 1 1
conductor-kit/cmd/conductor/util.go:104.20,106.2 0 0
